Start testing: Apr 20 22:40 MSK
----------------------------------------------------------
1/140 Testing: applying-non-function-1
1/140 Test: applying-non-function-1
Command: "/home/egor/InnoSubjects/S23/ACCPA/Assignments/Latest/build/stella-interpreter" "typecheck" "../tests/core/ill-typed/applying-non-function-1.stella"
Directory: /home/egor/InnoSubjects/S23/ACCPA/Assignments/Latest/build
"applying-non-function-1" start time: Apr 20 22:40 MSK
Output:
----------------------------------------------------------
parsing succeeded!
prog is not null
Error: trying to use non-function in the function call:
Name: f
Actual struct: TypeNat
On the line: 4
<end of output>
Test time =   0.00 sec
----------------------------------------------------------
Test Passed.
"applying-non-function-1" end time: Apr 20 22:40 MSK
"applying-non-function-1" time elapsed: 00:00:00
----------------------------------------------------------

2/140 Testing: applying-non-function-2
2/140 Test: applying-non-function-2
Command: "/home/egor/InnoSubjects/S23/ACCPA/Assignments/Latest/build/stella-interpreter" "typecheck" "../tests/core/ill-typed/applying-non-function-2.stella"
Directory: /home/egor/InnoSubjects/S23/ACCPA/Assignments/Latest/build
"applying-non-function-2" start time: Apr 20 22:40 MSK
Output:
----------------------------------------------------------
parsing succeeded!
prog is not null
Error: trying to use non-function in the function call:
Name: succ (n)
Actual struct: TypeNat
On the line: 4
<end of output>
Test time =   0.00 sec
----------------------------------------------------------
Test Passed.
"applying-non-function-2" end time: Apr 20 22:40 MSK
"applying-non-function-2" time elapsed: 00:00:00
----------------------------------------------------------

3/140 Testing: applying-non-function-3
3/140 Test: applying-non-function-3
Command: "/home/egor/InnoSubjects/S23/ACCPA/Assignments/Latest/build/stella-interpreter" "typecheck" "../tests/core/ill-typed/applying-non-function-3.stella"
Directory: /home/egor/InnoSubjects/S23/ACCPA/Assignments/Latest/build
"applying-non-function-3" start time: Apr 20 22:40 MSK
Output:
----------------------------------------------------------
parsing succeeded!
prog is not null
Error: trying to use non-function in the function call:
Name: (fn (x : Bool)
{
  return fn (y : Nat)
  {
    return succ (y)
  }
}) (false) (0)
Actual struct: TypeNat
On the line: 4
<end of output>
Test time =   0.00 sec
----------------------------------------------------------
Test Passed.
"applying-non-function-3" end time: Apr 20 22:40 MSK
"applying-non-function-3" time elapsed: 00:00:00
----------------------------------------------------------

4/140 Testing: argument-type-mismatch-1
4/140 Test: argument-type-mismatch-1
Command: "/home/egor/InnoSubjects/S23/ACCPA/Assignments/Latest/build/stella-interpreter" "typecheck" "../tests/core/ill-typed/argument-type-mismatch-1.stella"
Directory: /home/egor/InnoSubjects/S23/ACCPA/Assignments/Latest/build
"argument-type-mismatch-1" start time: Apr 20 22:40 MSK
Output:
----------------------------------------------------------
parsing succeeded!
prog is not null
Error: incorrect parameters in the function call
Function name: fn (x : Bool)
{
  return fn (y : Nat)
  {
    return succ (y)
  }
}
Expected: TypeBool
<end of output>
Test time =   0.00 sec
----------------------------------------------------------
Test Passed.
"argument-type-mismatch-1" end time: Apr 20 22:40 MSK
"argument-type-mismatch-1" time elapsed: 00:00:00
----------------------------------------------------------

5/140 Testing: argument-type-mismatch-2
5/140 Test: argument-type-mismatch-2
Command: "/home/egor/InnoSubjects/S23/ACCPA/Assignments/Latest/build/stella-interpreter" "typecheck" "../tests/core/ill-typed/argument-type-mismatch-2.stella"
Directory: /home/egor/InnoSubjects/S23/ACCPA/Assignments/Latest/build
"argument-type-mismatch-2" start time: Apr 20 22:40 MSK
Output:
----------------------------------------------------------
parsing succeeded!
prog is not null
Error: incorrect parameters in the function call
Function name: f
Expected: (TypeFun [TypeBool] [TypeNat])
<end of output>
Test time =   0.00 sec
----------------------------------------------------------
Test Passed.
"argument-type-mismatch-2" end time: Apr 20 22:40 MSK
"argument-type-mismatch-2" time elapsed: 00:00:00
----------------------------------------------------------

6/140 Testing: argument-type-mismatch-3
6/140 Test: argument-type-mismatch-3
Command: "/home/egor/InnoSubjects/S23/ACCPA/Assignments/Latest/build/stella-interpreter" "typecheck" "../tests/core/ill-typed/argument-type-mismatch-3.stella"
Directory: /home/egor/InnoSubjects/S23/ACCPA/Assignments/Latest/build
"argument-type-mismatch-3" start time: Apr 20 22:40 MSK
Output:
----------------------------------------------------------
parsing succeeded!
prog is not null
Error: incorrect parameters in the function call
Function name: k
Expected: (TypeFun [TypeNat] [(TypeFun [(TypeFun [TypeNat] [TypeBool])] [TypeNat])])
<end of output>
Test time =   0.00 sec
----------------------------------------------------------
Test Passed.
"argument-type-mismatch-3" end time: Apr 20 22:40 MSK
"argument-type-mismatch-3" time elapsed: 00:00:00
----------------------------------------------------------

7/140 Testing: bad-if-1
7/140 Test: bad-if-1
Command: "/home/egor/InnoSubjects/S23/ACCPA/Assignments/Latest/build/stella-interpreter" "typecheck" "../tests/core/ill-typed/bad-if-1.stella"
Directory: /home/egor/InnoSubjects/S23/ACCPA/Assignments/Latest/build
"bad-if-1" start time: Apr 20 22:40 MSK
Output:
----------------------------------------------------------
parsing succeeded!
prog is not null
Error: wrong condition expression type: x
Expected: TypeBool
But got: TypeNat
On the line: 4
<end of output>
Test time =   0.00 sec
----------------------------------------------------------
Test Passed.
"bad-if-1" end time: Apr 20 22:40 MSK
"bad-if-1" time elapsed: 00:00:00
----------------------------------------------------------

8/140 Testing: bad-if-2
8/140 Test: bad-if-2
Command: "/home/egor/InnoSubjects/S23/ACCPA/Assignments/Latest/build/stella-interpreter" "typecheck" "../tests/core/ill-typed/bad-if-2.stella"
Directory: /home/egor/InnoSubjects/S23/ACCPA/Assignments/Latest/build
"bad-if-2" start time: Apr 20 22:40 MSK
Output:
----------------------------------------------------------
parsing succeeded!
prog is not null
Error: different types of statements in the if statement: 
"true" type is: TypeBool
"0" type is: TypeNat
On the line: 4
<end of output>
Test time =   0.00 sec
----------------------------------------------------------
Test Passed.
"bad-if-2" end time: Apr 20 22:40 MSK
"bad-if-2" time elapsed: 00:00:00
----------------------------------------------------------

9/140 Testing: bad-succ-1
9/140 Test: bad-succ-1
Command: "/home/egor/InnoSubjects/S23/ACCPA/Assignments/Latest/build/stella-interpreter" "typecheck" "../tests/core/ill-typed/bad-succ-1.stella"
Directory: /home/egor/InnoSubjects/S23/ACCPA/Assignments/Latest/build
"bad-succ-1" start time: Apr 20 22:40 MSK
Output:
----------------------------------------------------------
parsing succeeded!
prog is not null
Error: incorrect type of succ argument: false
<end of output>
Test time =   0.00 sec
----------------------------------------------------------
Test Passed.
"bad-succ-1" end time: Apr 20 22:40 MSK
"bad-succ-1" time elapsed: 00:00:00
----------------------------------------------------------

10/140 Testing: bad-succ-2
10/140 Test: bad-succ-2
Command: "/home/egor/InnoSubjects/S23/ACCPA/Assignments/Latest/build/stella-interpreter" "typecheck" "../tests/core/ill-typed/bad-succ-2.stella"
Directory: /home/egor/InnoSubjects/S23/ACCPA/Assignments/Latest/build
"bad-succ-2" start time: Apr 20 22:40 MSK
Output:
----------------------------------------------------------
parsing succeeded!
prog is not null
Error: incorrect type of succ argument: fn (x : Nat)
{
  return 0
}
<end of output>
Test time =   0.00 sec
----------------------------------------------------------
Test Passed.
"bad-succ-2" end time: Apr 20 22:40 MSK
"bad-succ-2" time elapsed: 00:00:00
----------------------------------------------------------

11/140 Testing: bad-succ-3
11/140 Test: bad-succ-3
Command: "/home/egor/InnoSubjects/S23/ACCPA/Assignments/Latest/build/stella-interpreter" "typecheck" "../tests/core/ill-typed/bad-succ-3.stella"
Directory: /home/egor/InnoSubjects/S23/ACCPA/Assignments/Latest/build
"bad-succ-3" start time: Apr 20 22:40 MSK
Output:
----------------------------------------------------------
parsing succeeded!
prog is not null
Error: incorrect type of succ argument: false
<end of output>
Test time =   0.00 sec
----------------------------------------------------------
Test Passed.
"bad-succ-3" end time: Apr 20 22:40 MSK
"bad-succ-3" time elapsed: 00:00:00
----------------------------------------------------------

12/140 Testing: shadowed-variable-1
12/140 Test: shadowed-variable-1
Command: "/home/egor/InnoSubjects/S23/ACCPA/Assignments/Latest/build/stella-interpreter" "typecheck" "../tests/core/ill-typed/shadowed-variable-1.stella"
Directory: /home/egor/InnoSubjects/S23/ACCPA/Assignments/Latest/build
"shadowed-variable-1" start time: Apr 20 22:40 MSK
Output:
----------------------------------------------------------
parsing succeeded!
prog is not null
Error: trying to use non-function in the function call:
Name: g
Actual struct: TypeNat
On the line: 13
<end of output>
Test time =   0.00 sec
----------------------------------------------------------
Test Passed.
"shadowed-variable-1" end time: Apr 20 22:40 MSK
"shadowed-variable-1" time elapsed: 00:00:00
----------------------------------------------------------

13/140 Testing: undefined-variable-1
13/140 Test: undefined-variable-1
Command: "/home/egor/InnoSubjects/S23/ACCPA/Assignments/Latest/build/stella-interpreter" "typecheck" "../tests/core/ill-typed/undefined-variable-1.stella"
Directory: /home/egor/InnoSubjects/S23/ACCPA/Assignments/Latest/build
"undefined-variable-1" start time: Apr 20 22:40 MSK
Output:
----------------------------------------------------------
parsing succeeded!
prog is not null
Error: y is not defined
On the line: 4
<end of output>
Test time =   0.00 sec
----------------------------------------------------------
Test Passed.
"undefined-variable-1" end time: Apr 20 22:40 MSK
"undefined-variable-1" time elapsed: 00:00:00
----------------------------------------------------------

14/140 Testing: undefined-variable-2
14/140 Test: undefined-variable-2
Command: "/home/egor/InnoSubjects/S23/ACCPA/Assignments/Latest/build/stella-interpreter" "typecheck" "../tests/core/ill-typed/undefined-variable-2.stella"
Directory: /home/egor/InnoSubjects/S23/ACCPA/Assignments/Latest/build
"undefined-variable-2" start time: Apr 20 22:40 MSK
Output:
----------------------------------------------------------
parsing succeeded!
prog is not null
Error: m is not defined
On the line: 13
<end of output>
Test time =   0.00 sec
----------------------------------------------------------
Test Passed.
"undefined-variable-2" end time: Apr 20 22:40 MSK
"undefined-variable-2" time elapsed: 00:00:00
----------------------------------------------------------

15/140 Testing: bad-squares-1
15/140 Test: bad-squares-1
Command: "/home/egor/InnoSubjects/S23/ACCPA/Assignments/Latest/build/stella-interpreter" "typecheck" "../tests/core/ill-typed/bad-squares-1.stella"
Directory: /home/egor/InnoSubjects/S23/ACCPA/Assignments/Latest/build
"bad-squares-1" start time: Apr 20 22:40 MSK
Output:
----------------------------------------------------------
parsing succeeded!
prog is not null
Error: incorrect return expression type in function "Nat::add"
Expected: TypeNat
But got: (TypeFun [TypeNat] [TypeNat])
On the line: 5
<end of output>
Test time =   0.00 sec
----------------------------------------------------------
Test Passed.
"bad-squares-1" end time: Apr 20 22:40 MSK
"bad-squares-1" time elapsed: 00:00:00
----------------------------------------------------------

16/140 Testing: bad-squares-2
16/140 Test: bad-squares-2
Command: "/home/egor/InnoSubjects/S23/ACCPA/Assignments/Latest/build/stella-interpreter" "typecheck" "../tests/core/ill-typed/bad-squares-2.stella"
Directory: /home/egor/InnoSubjects/S23/ACCPA/Assignments/Latest/build
"bad-squares-2" start time: Apr 20 22:40 MSK
Output:
----------------------------------------------------------
parsing succeeded!
prog is not null
Error: different types in the third argument of the Nat::rec function: 
Expected: fn(Nat) -> (fn(**T**) -> **T**)
Name: fn (i : Nat)
{
  return fn (r : Nat)
  {
    return Nat::add (Nat::add (i) (succ (r)))
  }
}
Type: (TypeFun [TypeNat] [(TypeFun [TypeNat] [(TypeFun [TypeNat] [TypeNat])])])
On the line: 16
<end of output>
Test time =   0.00 sec
----------------------------------------------------------
Test Passed.
"bad-squares-2" end time: Apr 20 22:40 MSK
"bad-squares-2" time elapsed: 00:00:00
----------------------------------------------------------

17/140 Testing: bad-pairs-1
17/140 Test: bad-pairs-1
Command: "/home/egor/InnoSubjects/S23/ACCPA/Assignments/Latest/build/stella-interpreter" "typecheck" "../tests/pairs/ill-typed/bad-pairs-1.stella"
Directory: /home/egor/InnoSubjects/S23/ACCPA/Assignments/Latest/build
"bad-pairs-1" start time: Apr 20 22:40 MSK
Output:
----------------------------------------------------------
parsing succeeded!
prog is not null
Error: incorrect parameters in the function call
Function name: swap
Expected: (TypeTuple [TypeNat, TypeBool] )
<end of output>
Test time =   0.00 sec
----------------------------------------------------------
Test Passed.
"bad-pairs-1" end time: Apr 20 22:40 MSK
"bad-pairs-1" time elapsed: 00:00:00
----------------------------------------------------------

18/140 Testing: bad-sum-types-1
18/140 Test: bad-sum-types-1
Command: "/home/egor/InnoSubjects/S23/ACCPA/Assignments/Latest/build/stella-interpreter" "typecheck" "../tests/sum-types/ill-typed/bad-sum-types-1.stella"
Directory: /home/egor/InnoSubjects/S23/ACCPA/Assignments/Latest/build
"bad-sum-types-1" start time: Apr 20 22:40 MSK
Output:
----------------------------------------------------------
parsing succeeded!
prog is not null
Error: wrong condition expression type: b
Expected: TypeBool
But got: (TypeFun [TypeNat] [TypeNat])
On the line: 8
<end of output>
Test time =   0.00 sec
----------------------------------------------------------
Test Passed.
"bad-sum-types-1" end time: Apr 20 22:40 MSK
"bad-sum-types-1" time elapsed: 00:00:00
----------------------------------------------------------

19/140 Testing: bad-tuples-1
19/140 Test: bad-tuples-1
Command: "/home/egor/InnoSubjects/S23/ACCPA/Assignments/Latest/build/stella-interpreter" "typecheck" "../tests/tuples/ill-typed/bad-tuples-1.stella"
Directory: /home/egor/InnoSubjects/S23/ACCPA/Assignments/Latest/build
"bad-tuples-1" start time: Apr 20 22:40 MSK
Output:
----------------------------------------------------------
parsing succeeded!
prog is not null
Error: incorrect parameters in the function call
Function name: rotate3
Expected: (TypeTuple [TypeNat, TypeNat, TypeNat] )
<end of output>
Test time =   0.00 sec
----------------------------------------------------------
Test Passed.
"bad-tuples-1" end time: Apr 20 22:40 MSK
"bad-tuples-1" time elapsed: 00:00:00
----------------------------------------------------------

20/140 Testing: bad-nat-1
20/140 Test: bad-nat-1
Command: "/home/egor/InnoSubjects/S23/ACCPA/Assignments/Latest/build/stella-interpreter" "typecheck" "../tests/extended_tests/ill-typed/bad-nat-1.stella"
Directory: /home/egor/InnoSubjects/S23/ACCPA/Assignments/Latest/build
"bad-nat-1" start time: Apr 20 22:40 MSK
Output:
----------------------------------------------------------
parsing succeeded!
prog is not null
Error: different types of statements in the third arg and the second one: 
Expected: Nat::rec(Nat, T, fn(Nat) -> (fn(T) -> T))
Second parameter name: false
Second parameter type: TypeBool
Third parameter name: fn (i : Nat)
{
  return fn (r : Nat)
  {
    return succ (r)
  }
}
Third parameter **T** type: TypeNat
On the line: 4
<end of output>
Test time =   0.00 sec
----------------------------------------------------------
Test Passed.
"bad-nat-1" end time: Apr 20 22:40 MSK
"bad-nat-1" time elapsed: 00:00:00
----------------------------------------------------------

21/140 Testing: applying-non-function-1_extended_tests
21/140 Test: applying-non-function-1_extended_tests
Command: "/home/egor/InnoSubjects/S23/ACCPA/Assignments/Latest/build/stella-interpreter" "typecheck" "../tests/extended_tests/ill-typed/applying-non-function-1.stella"
Directory: /home/egor/InnoSubjects/S23/ACCPA/Assignments/Latest/build
"applying-non-function-1_extended_tests" start time: Apr 20 22:40 MSK
Output:
----------------------------------------------------------
parsing succeeded!
prog is not null
Error: trying to use non-function in the function call:
Name: f
Actual struct: TypeNat
On the line: 4
<end of output>
Test time =   0.00 sec
----------------------------------------------------------
Test Passed.
"applying-non-function-1_extended_tests" end time: Apr 20 22:40 MSK
"applying-non-function-1_extended_tests" time elapsed: 00:00:00
----------------------------------------------------------

22/140 Testing: argument-type-mismatch-2_extended_tests
22/140 Test: argument-type-mismatch-2_extended_tests
Command: "/home/egor/InnoSubjects/S23/ACCPA/Assignments/Latest/build/stella-interpreter" "typecheck" "../tests/extended_tests/ill-typed/argument-type-mismatch-2.stella"
Directory: /home/egor/InnoSubjects/S23/ACCPA/Assignments/Latest/build
"argument-type-mismatch-2_extended_tests" start time: Apr 20 22:40 MSK
Output:
----------------------------------------------------------
parsing succeeded!
prog is not null
Error: incorrect parameters in the function call
Function name: f
Expected: (TypeFun [TypeBool] [TypeNat])
<end of output>
Test time =   0.00 sec
----------------------------------------------------------
Test Passed.
"argument-type-mismatch-2_extended_tests" end time: Apr 20 22:40 MSK
"argument-type-mismatch-2_extended_tests" time elapsed: 00:00:00
----------------------------------------------------------

23/140 Testing: bad-succ-3_extended_tests
23/140 Test: bad-succ-3_extended_tests
Command: "/home/egor/InnoSubjects/S23/ACCPA/Assignments/Latest/build/stella-interpreter" "typecheck" "../tests/extended_tests/ill-typed/bad-succ-3.stella"
Directory: /home/egor/InnoSubjects/S23/ACCPA/Assignments/Latest/build
"bad-succ-3_extended_tests" start time: Apr 20 22:40 MSK
Output:
----------------------------------------------------------
parsing succeeded!
prog is not null
Error: incorrect type of succ argument: false
<end of output>
Test time =   0.00 sec
----------------------------------------------------------
Test Passed.
"bad-succ-3_extended_tests" end time: Apr 20 22:40 MSK
"bad-succ-3_extended_tests" time elapsed: 00:00:00
----------------------------------------------------------

24/140 Testing: bad-logic-not-1
24/140 Test: bad-logic-not-1
Command: "/home/egor/InnoSubjects/S23/ACCPA/Assignments/Latest/build/stella-interpreter" "typecheck" "../tests/extended_tests/ill-typed/bad-logic-not-1.stella"
Directory: /home/egor/InnoSubjects/S23/ACCPA/Assignments/Latest/build
"bad-logic-not-1" start time: Apr 20 22:40 MSK
Output:
----------------------------------------------------------
parsing succeeded!
prog is not null
Error: n is not defined
On the line: 4
<end of output>
Test time =   0.00 sec
----------------------------------------------------------
Test Passed.
"bad-logic-not-1" end time: Apr 20 22:40 MSK
"bad-logic-not-1" time elapsed: 00:00:00
----------------------------------------------------------

25/140 Testing: bad-abstraction
25/140 Test: bad-abstraction
Command: "/home/egor/InnoSubjects/S23/ACCPA/Assignments/Latest/build/stella-interpreter" "typecheck" "../tests/extended_tests/ill-typed/bad-abstraction.stella"
Directory: /home/egor/InnoSubjects/S23/ACCPA/Assignments/Latest/build
"bad-abstraction" start time: Apr 20 22:40 MSK
Output:
----------------------------------------------------------
parsing succeeded!
prog is not null
Error: incorrect return expression type in function "main"
Expected: TypeNat
But got: (TypeFun [TypeNat] [TypeNat])
On the line: 10
<end of output>
Test time =   0.00 sec
----------------------------------------------------------
Test Passed.
"bad-abstraction" end time: Apr 20 22:40 MSK
"bad-abstraction" time elapsed: 00:00:00
----------------------------------------------------------

26/140 Testing: bad-factorial-2
26/140 Test: bad-factorial-2
Command: "/home/egor/InnoSubjects/S23/ACCPA/Assignments/Latest/build/stella-interpreter" "typecheck" "../tests/extended_tests/ill-typed/bad-factorial-2.stella"
Directory: /home/egor/InnoSubjects/S23/ACCPA/Assignments/Latest/build
"bad-factorial-2" start time: Apr 20 22:40 MSK
Output:
----------------------------------------------------------
parsing succeeded!
prog is not null
Error: incorrect parameters in the function call
Function name: Nat2Nat::const
Expected: (TypeFun [TypeNat] [TypeNat])
<end of output>
Test time =   0.01 sec
----------------------------------------------------------
Test Passed.
"bad-factorial-2" end time: Apr 20 22:40 MSK
"bad-factorial-2" time elapsed: 00:00:00
----------------------------------------------------------

27/140 Testing: nat__rec-parameters
27/140 Test: nat__rec-parameters
Command: "/home/egor/InnoSubjects/S23/ACCPA/Assignments/Latest/build/stella-interpreter" "typecheck" "../tests/extended_tests/ill-typed/nat__rec-parameters.stella"
Directory: /home/egor/InnoSubjects/S23/ACCPA/Assignments/Latest/build
"nat__rec-parameters" start time: Apr 20 22:40 MSK
Output:
----------------------------------------------------------
parsing succeeded!
prog is not null
Error: wrong type of the first argument for Nar::rec 
Name: true
Type: TypeBool
On the line: 4
<end of output>
Test time =   0.00 sec
----------------------------------------------------------
Test Passed.
"nat__rec-parameters" end time: Apr 20 22:40 MSK
"nat__rec-parameters" time elapsed: 00:00:00
----------------------------------------------------------

28/140 Testing: bad-succ-1_extended_tests
28/140 Test: bad-succ-1_extended_tests
Command: "/home/egor/InnoSubjects/S23/ACCPA/Assignments/Latest/build/stella-interpreter" "typecheck" "../tests/extended_tests/ill-typed/bad-succ-1.stella"
Directory: /home/egor/InnoSubjects/S23/ACCPA/Assignments/Latest/build
"bad-succ-1_extended_tests" start time: Apr 20 22:40 MSK
Output:
----------------------------------------------------------
parsing succeeded!
prog is not null
Error: incorrect type of succ argument: false
<end of output>
Test time =   0.00 sec
----------------------------------------------------------
Test Passed.
"bad-succ-1_extended_tests" end time: Apr 20 22:40 MSK
"bad-succ-1_extended_tests" time elapsed: 00:00:00
----------------------------------------------------------

29/140 Testing: bad-cmp-2
29/140 Test: bad-cmp-2
Command: "/home/egor/InnoSubjects/S23/ACCPA/Assignments/Latest/build/stella-interpreter" "typecheck" "../tests/extended_tests/ill-typed/bad-cmp-2.stella"
Directory: /home/egor/InnoSubjects/S23/ACCPA/Assignments/Latest/build
"bad-cmp-2" start time: Apr 20 22:40 MSK
Output:
----------------------------------------------------------
parsing succeeded!
prog is not null
Error: different types in the if condition: 
n
m
On the line: 4
<end of output>
Test time =   0.00 sec
----------------------------------------------------------
Test Passed.
"bad-cmp-2" end time: Apr 20 22:40 MSK
"bad-cmp-2" time elapsed: 00:00:00
----------------------------------------------------------

30/140 Testing: applying-non-function-3_extended_tests
30/140 Test: applying-non-function-3_extended_tests
Command: "/home/egor/InnoSubjects/S23/ACCPA/Assignments/Latest/build/stella-interpreter" "typecheck" "../tests/extended_tests/ill-typed/applying-non-function-3.stella"
Directory: /home/egor/InnoSubjects/S23/ACCPA/Assignments/Latest/build
"applying-non-function-3_extended_tests" start time: Apr 20 22:40 MSK
Output:
----------------------------------------------------------
parsing succeeded!
prog is not null
Error: trying to use non-function in the function call:
Name: (fn (x : Bool)
{
  return fn (y : Nat)
  {
    return succ (y)
  }
}) (false) (0)
Actual struct: TypeNat
On the line: 4
<end of output>
Test time =   0.00 sec
----------------------------------------------------------
Test Passed.
"applying-non-function-3_extended_tests" end time: Apr 20 22:40 MSK
"applying-non-function-3_extended_tests" time elapsed: 00:00:00
----------------------------------------------------------

31/140 Testing: bad-if-1_extended_tests
31/140 Test: bad-if-1_extended_tests
Command: "/home/egor/InnoSubjects/S23/ACCPA/Assignments/Latest/build/stella-interpreter" "typecheck" "../tests/extended_tests/ill-typed/bad-if-1.stella"
Directory: /home/egor/InnoSubjects/S23/ACCPA/Assignments/Latest/build
"bad-if-1_extended_tests" start time: Apr 20 22:40 MSK
Output:
----------------------------------------------------------
parsing succeeded!
prog is not null
Error: wrong condition expression type: x
Expected: TypeBool
But got: TypeNat
On the line: 4
<end of output>
Test time =   0.00 sec
----------------------------------------------------------
Test Passed.
"bad-if-1_extended_tests" end time: Apr 20 22:40 MSK
"bad-if-1_extended_tests" time elapsed: 00:00:00
----------------------------------------------------------

32/140 Testing: bad-add-1
32/140 Test: bad-add-1
Command: "/home/egor/InnoSubjects/S23/ACCPA/Assignments/Latest/build/stella-interpreter" "typecheck" "../tests/extended_tests/ill-typed/bad-add-1.stella"
Directory: /home/egor/InnoSubjects/S23/ACCPA/Assignments/Latest/build
"bad-add-1" start time: Apr 20 22:40 MSK
Output:
----------------------------------------------------------
parsing succeeded!
prog is not null
Error: incorrect return expression type in function "add_fn"
Expected: TypeNat
But got: TypeBool
On the line: 4
<end of output>
Test time =   0.00 sec
----------------------------------------------------------
Test Passed.
"bad-add-1" end time: Apr 20 22:40 MSK
"bad-add-1" time elapsed: 00:00:00
----------------------------------------------------------

33/140 Testing: my-mismatch
33/140 Test: my-mismatch
Command: "/home/egor/InnoSubjects/S23/ACCPA/Assignments/Latest/build/stella-interpreter" "typecheck" "../tests/extended_tests/ill-typed/my-mismatch.stella"
Directory: /home/egor/InnoSubjects/S23/ACCPA/Assignments/Latest/build
"my-mismatch" start time: Apr 20 22:40 MSK
Output:
----------------------------------------------------------
parsing succeeded!
prog is not null
Error: incorrect return expression type in function "main"
Expected: (TypeFun [TypeNat] [TypeNat])
But got: TypeNat
On the line: 4
<end of output>
Test time =   0.00 sec
----------------------------------------------------------
Test Passed.
"my-mismatch" end time: Apr 20 22:40 MSK
"my-mismatch" time elapsed: 00:00:00
----------------------------------------------------------

34/140 Testing: bad-nat-rec-1
34/140 Test: bad-nat-rec-1
Command: "/home/egor/InnoSubjects/S23/ACCPA/Assignments/Latest/build/stella-interpreter" "typecheck" "../tests/extended_tests/ill-typed/bad-nat-rec-1.stella"
Directory: /home/egor/InnoSubjects/S23/ACCPA/Assignments/Latest/build
"bad-nat-rec-1" start time: Apr 20 22:40 MSK
Output:
----------------------------------------------------------
parsing succeeded!
prog is not null
Error: wrong type of the third argument for Nar::rec 
Expected: fn(Nat) -> **(fn(T) -> T)**
Name: fn (r : Nat)
{
  return succ (r)
}
Type: (TypeFun [TypeNat] [TypeNat])
On the line: 6
<end of output>
Test time =   0.00 sec
----------------------------------------------------------
Test Passed.
"bad-nat-rec-1" end time: Apr 20 22:40 MSK
"bad-nat-rec-1" time elapsed: 00:00:00
----------------------------------------------------------

35/140 Testing: undefined-variable-3
35/140 Test: undefined-variable-3
Command: "/home/egor/InnoSubjects/S23/ACCPA/Assignments/Latest/build/stella-interpreter" "typecheck" "../tests/extended_tests/ill-typed/undefined-variable-3.stella"
Directory: /home/egor/InnoSubjects/S23/ACCPA/Assignments/Latest/build
"undefined-variable-3" start time: Apr 20 22:40 MSK
Output:
----------------------------------------------------------
parsing succeeded!
prog is not null
Error: r is not defined
On the line: 12
<end of output>
Test time =   0.00 sec
----------------------------------------------------------
Test Passed.
"undefined-variable-3" end time: Apr 20 22:40 MSK
"undefined-variable-3" time elapsed: 00:00:00
----------------------------------------------------------

36/140 Testing: argument-type-mismatch-4
36/140 Test: argument-type-mismatch-4
Command: "/home/egor/InnoSubjects/S23/ACCPA/Assignments/Latest/build/stella-interpreter" "typecheck" "../tests/extended_tests/ill-typed/argument-type-mismatch-4.stella"
Directory: /home/egor/InnoSubjects/S23/ACCPA/Assignments/Latest/build
"argument-type-mismatch-4" start time: Apr 20 22:40 MSK
Output:
----------------------------------------------------------
parsing succeeded!
prog is not null
Error: invalid constant integer. In the Stella languagne only 0 is valid constInt
On the line: 13
<end of output>
Test time =   0.00 sec
----------------------------------------------------------
Test Passed.
"argument-type-mismatch-4" end time: Apr 20 22:40 MSK
"argument-type-mismatch-4" time elapsed: 00:00:00
----------------------------------------------------------

37/140 Testing: bad-cmp-6
37/140 Test: bad-cmp-6
Command: "/home/egor/InnoSubjects/S23/ACCPA/Assignments/Latest/build/stella-interpreter" "typecheck" "../tests/extended_tests/ill-typed/bad-cmp-6.stella"
Directory: /home/egor/InnoSubjects/S23/ACCPA/Assignments/Latest/build
"bad-cmp-6" start time: Apr 20 22:40 MSK
Output:
----------------------------------------------------------
parsing succeeded!
prog is not null
Error: different types in the if condition: 
n
m
On the line: 4
<end of output>
Test time =   0.00 sec
----------------------------------------------------------
Test Passed.
"bad-cmp-6" end time: Apr 20 22:40 MSK
"bad-cmp-6" time elapsed: 00:00:00
----------------------------------------------------------

38/140 Testing: bad-iszero
38/140 Test: bad-iszero
Command: "/home/egor/InnoSubjects/S23/ACCPA/Assignments/Latest/build/stella-interpreter" "typecheck" "../tests/extended_tests/ill-typed/bad-iszero.stella"
Directory: /home/egor/InnoSubjects/S23/ACCPA/Assignments/Latest/build
"bad-iszero" start time: Apr 20 22:40 MSK
Output:
----------------------------------------------------------
parsing succeeded!
prog is not null
Error: incorrect type of succ argument: Nat::iszero (x)
<end of output>
Test time =   0.00 sec
----------------------------------------------------------
Test Passed.
"bad-iszero" end time: Apr 20 22:40 MSK
"bad-iszero" time elapsed: 00:00:00
----------------------------------------------------------

39/140 Testing: shadowed-variable-2
39/140 Test: shadowed-variable-2
Command: "/home/egor/InnoSubjects/S23/ACCPA/Assignments/Latest/build/stella-interpreter" "typecheck" "../tests/extended_tests/ill-typed/shadowed-variable-2.stella"
Directory: /home/egor/InnoSubjects/S23/ACCPA/Assignments/Latest/build
"shadowed-variable-2" start time: Apr 20 22:40 MSK
Output:
----------------------------------------------------------
parsing succeeded!
prog is not null
Error: trying to use non-function in the function call:
Name: f
Actual struct: TypeNat
On the line: 18
<end of output>
Test time =   0.00 sec
----------------------------------------------------------
Test Passed.
"shadowed-variable-2" end time: Apr 20 22:40 MSK
"shadowed-variable-2" time elapsed: 00:00:00
----------------------------------------------------------

40/140 Testing: bad-function-call
40/140 Test: bad-function-call
Command: "/home/egor/InnoSubjects/S23/ACCPA/Assignments/Latest/build/stella-interpreter" "typecheck" "../tests/extended_tests/ill-typed/bad-function-call.stella"
Directory: /home/egor/InnoSubjects/S23/ACCPA/Assignments/Latest/build
"bad-function-call" start time: Apr 20 22:40 MSK
Output:
----------------------------------------------------------
parsing succeeded!
prog is not null
Error: incorrect return expression type in function "Nat::add"
Expected: TypeNat
But got: (TypeFun [TypeNat] [TypeNat])
On the line: 5
<end of output>
Test time =   0.00 sec
----------------------------------------------------------
Test Passed.
"bad-function-call" end time: Apr 20 22:40 MSK
"bad-function-call" time elapsed: 00:00:00
----------------------------------------------------------

41/140 Testing: bad-cmp-4
41/140 Test: bad-cmp-4
Command: "/home/egor/InnoSubjects/S23/ACCPA/Assignments/Latest/build/stella-interpreter" "typecheck" "../tests/extended_tests/ill-typed/bad-cmp-4.stella"
Directory: /home/egor/InnoSubjects/S23/ACCPA/Assignments/Latest/build
"bad-cmp-4" start time: Apr 20 22:40 MSK
Output:
----------------------------------------------------------
parsing succeeded!
prog is not null
Error: different types in the if condition: 
n
m
On the line: 4
<end of output>
Test time =   0.00 sec
----------------------------------------------------------
Test Passed.
"bad-cmp-4" end time: Apr 20 22:40 MSK
"bad-cmp-4" time elapsed: 00:00:00
----------------------------------------------------------

42/140 Testing: added-test-1
42/140 Test: added-test-1
Command: "/home/egor/InnoSubjects/S23/ACCPA/Assignments/Latest/build/stella-interpreter" "typecheck" "../tests/extended_tests/ill-typed/added-test-1.stella"
Directory: /home/egor/InnoSubjects/S23/ACCPA/Assignments/Latest/build
"added-test-1" start time: Apr 20 22:40 MSK
Output:
----------------------------------------------------------
parsing succeeded!
prog is not null
Error: incorrect return expression type in function "function_chooser"
Expected: (TypeFun [TypeNat] [TypeNat])
But got: (TypeFun [(TypeFun [TypeNat] [TypeNat])] [(TypeFun [(TypeFun [TypeNat] [TypeNat])] [(TypeFun [TypeNat] [TypeNat])])])
On the line: 4
<end of output>
Test time =   0.00 sec
----------------------------------------------------------
Test Passed.
"added-test-1" end time: Apr 20 22:40 MSK
"added-test-1" time elapsed: 00:00:00
----------------------------------------------------------

43/140 Testing: my-ill-test-2
43/140 Test: my-ill-test-2
Command: "/home/egor/InnoSubjects/S23/ACCPA/Assignments/Latest/build/stella-interpreter" "typecheck" "../tests/extended_tests/ill-typed/my-ill-test-2.stella"
Directory: /home/egor/InnoSubjects/S23/ACCPA/Assignments/Latest/build
"my-ill-test-2" start time: Apr 20 22:40 MSK
Output:
----------------------------------------------------------
parsing succeeded!
prog is not null
Error: incorrect return expression type in function "main"
Expected: (TypeFun [TypeBool] [TypeBool])
But got: TypeBool
On the line: 17
<end of output>
Test time =   0.00 sec
----------------------------------------------------------
Test Passed.
"my-ill-test-2" end time: Apr 20 22:40 MSK
"my-ill-test-2" time elapsed: 00:00:00
----------------------------------------------------------

44/140 Testing: undefined-variable-1_extended_tests
44/140 Test: undefined-variable-1_extended_tests
Command: "/home/egor/InnoSubjects/S23/ACCPA/Assignments/Latest/build/stella-interpreter" "typecheck" "../tests/extended_tests/ill-typed/undefined-variable-1.stella"
Directory: /home/egor/InnoSubjects/S23/ACCPA/Assignments/Latest/build
"undefined-variable-1_extended_tests" start time: Apr 20 22:40 MSK
Output:
----------------------------------------------------------
parsing succeeded!
prog is not null
Error: wrong condition expression type: x
Expected: TypeBool
But got: TypeNat
On the line: 4
<end of output>
Test time =   0.00 sec
----------------------------------------------------------
Test Passed.
"undefined-variable-1_extended_tests" end time: Apr 20 22:40 MSK
"undefined-variable-1_extended_tests" time elapsed: 00:00:00
----------------------------------------------------------

45/140 Testing: bad-multiply-1
45/140 Test: bad-multiply-1
Command: "/home/egor/InnoSubjects/S23/ACCPA/Assignments/Latest/build/stella-interpreter" "typecheck" "../tests/extended_tests/ill-typed/bad-multiply-1.stella"
Directory: /home/egor/InnoSubjects/S23/ACCPA/Assignments/Latest/build
"bad-multiply-1" start time: Apr 20 22:40 MSK
Output:
----------------------------------------------------------
parsing succeeded!
prog is not null
Error: incorrect return expression type in function "multiply_fn"
Expected: TypeNat
But got: TypeBool
On the line: 4
<end of output>
Test time =   0.00 sec
----------------------------------------------------------
Test Passed.
"bad-multiply-1" end time: Apr 20 22:40 MSK
"bad-multiply-1" time elapsed: 00:00:00
----------------------------------------------------------

46/140 Testing: invalid-not_
46/140 Test: invalid-not_
Command: "/home/egor/InnoSubjects/S23/ACCPA/Assignments/Latest/build/stella-interpreter" "typecheck" "../tests/extended_tests/ill-typed/invalid-not_.stella"
Directory: /home/egor/InnoSubjects/S23/ACCPA/Assignments/Latest/build
"invalid-not_" start time: Apr 20 22:40 MSK
Output:
----------------------------------------------------------
parsing succeeded!
prog is not null
Error: different types of statements in the third arg and the second one: 
Expected: Nat::rec(Nat, T, fn(Nat) -> (fn(T) -> T))
Second parameter name: false
Second parameter type: TypeBool
Third parameter name: fn (i : Nat)
{
  return fn (r : fn (Nat) -> Nat)
  {
    return fn (x : Nat)
    {
      return 0
    }
  }
}
Third parameter **T** type: (TypeFun [TypeNat] [TypeNat])
On the line: 4
<end of output>
Test time =   0.00 sec
----------------------------------------------------------
Test Passed.
"invalid-not_" end time: Apr 20 22:40 MSK
"invalid-not_" time elapsed: 00:00:00
----------------------------------------------------------

47/140 Testing: my-ill-typed-2
47/140 Test: my-ill-typed-2
Command: "/home/egor/InnoSubjects/S23/ACCPA/Assignments/Latest/build/stella-interpreter" "typecheck" "../tests/extended_tests/ill-typed/my-ill-typed-2.stella"
Directory: /home/egor/InnoSubjects/S23/ACCPA/Assignments/Latest/build
"my-ill-typed-2" start time: Apr 20 22:40 MSK
Output:
----------------------------------------------------------
parsing succeeded!
prog is not null
Error: different types of statements in the if statement: 
"succ (0)" type is: TypeNat
"fn (k : Bool)
{
  return if k then succ (f) else succ (succ (f))
}" type is: (TypeFun [TypeBool] [TypeNat])
On the line: 7
<end of output>
Test time =   0.00 sec
----------------------------------------------------------
Test Passed.
"my-ill-typed-2" end time: Apr 20 22:40 MSK
"my-ill-typed-2" time elapsed: 00:00:00
----------------------------------------------------------

48/140 Testing: bad-if-and-undefined-variable-1
48/140 Test: bad-if-and-undefined-variable-1
Command: "/home/egor/InnoSubjects/S23/ACCPA/Assignments/Latest/build/stella-interpreter" "typecheck" "../tests/extended_tests/ill-typed/bad-if-and-undefined-variable-1.stella"
Directory: /home/egor/InnoSubjects/S23/ACCPA/Assignments/Latest/build
"bad-if-and-undefined-variable-1" start time: Apr 20 22:40 MSK
Output:
----------------------------------------------------------
parsing succeeded!
prog is not null
Error: y is not defined
On the line: 4
<end of output>
Test time =   0.00 sec
----------------------------------------------------------
Test Passed.
"bad-if-and-undefined-variable-1" end time: Apr 20 22:40 MSK
"bad-if-and-undefined-variable-1" time elapsed: 00:00:00
----------------------------------------------------------

49/140 Testing: bad-if-3
49/140 Test: bad-if-3
Command: "/home/egor/InnoSubjects/S23/ACCPA/Assignments/Latest/build/stella-interpreter" "typecheck" "../tests/extended_tests/ill-typed/bad-if-3.stella"
Directory: /home/egor/InnoSubjects/S23/ACCPA/Assignments/Latest/build
"bad-if-3" start time: Apr 20 22:40 MSK
Output:
----------------------------------------------------------
parsing succeeded!
prog is not null
Error: different types of statements in the if statement: 
"0" type is: TypeNat
"fn (x : Nat)
{
  return 0
}" type is: (TypeFun [TypeNat] [TypeNat])
On the line: 4
<end of output>
Test time =   0.00 sec
----------------------------------------------------------
Test Passed.
"bad-if-3" end time: Apr 20 22:40 MSK
"bad-if-3" time elapsed: 00:00:00
----------------------------------------------------------

50/140 Testing: bad-squares-1_extended_tests
50/140 Test: bad-squares-1_extended_tests
Command: "/home/egor/InnoSubjects/S23/ACCPA/Assignments/Latest/build/stella-interpreter" "typecheck" "../tests/extended_tests/ill-typed/bad-squares-1.stella"
Directory: /home/egor/InnoSubjects/S23/ACCPA/Assignments/Latest/build
"bad-squares-1_extended_tests" start time: Apr 20 22:40 MSK
Output:
----------------------------------------------------------
parsing succeeded!
prog is not null
Error: incorrect return expression type in function "Nat::add"
Expected: TypeNat
But got: (TypeFun [TypeNat] [TypeNat])
On the line: 5
<end of output>
Test time =   0.00 sec
----------------------------------------------------------
Test Passed.
"bad-squares-1_extended_tests" end time: Apr 20 22:40 MSK
"bad-squares-1_extended_tests" time elapsed: 00:00:00
----------------------------------------------------------

51/140 Testing: bad-succ-2_extended_tests
51/140 Test: bad-succ-2_extended_tests
Command: "/home/egor/InnoSubjects/S23/ACCPA/Assignments/Latest/build/stella-interpreter" "typecheck" "../tests/extended_tests/ill-typed/bad-succ-2.stella"
Directory: /home/egor/InnoSubjects/S23/ACCPA/Assignments/Latest/build
"bad-succ-2_extended_tests" start time: Apr 20 22:40 MSK
Output:
----------------------------------------------------------
parsing succeeded!
prog is not null
Error: incorrect type of succ argument: fn (x : Nat)
{
  return 0
}
<end of output>
Test time =   0.00 sec
----------------------------------------------------------
Test Passed.
"bad-succ-2_extended_tests" end time: Apr 20 22:40 MSK
"bad-succ-2_extended_tests" time elapsed: 00:00:00
----------------------------------------------------------

52/140 Testing: bad-factorial-1
52/140 Test: bad-factorial-1
Command: "/home/egor/InnoSubjects/S23/ACCPA/Assignments/Latest/build/stella-interpreter" "typecheck" "../tests/extended_tests/ill-typed/bad-factorial-1.stella"
Directory: /home/egor/InnoSubjects/S23/ACCPA/Assignments/Latest/build
"bad-factorial-1" start time: Apr 20 22:40 MSK
Output:
----------------------------------------------------------
parsing succeeded!
prog is not null
Error: incorrect return expression type in function "Nat2Nat::const"
Expected: (TypeFun [TypeNat] [(TypeFun [TypeNat] [TypeNat])])
But got: (TypeFun [TypeNat] [TypeNat])
On the line: 5
<end of output>
Test time =   0.00 sec
----------------------------------------------------------
Test Passed.
"bad-factorial-1" end time: Apr 20 22:40 MSK
"bad-factorial-1" time elapsed: 00:00:00
----------------------------------------------------------

53/140 Testing: bad-cmp-1
53/140 Test: bad-cmp-1
Command: "/home/egor/InnoSubjects/S23/ACCPA/Assignments/Latest/build/stella-interpreter" "typecheck" "../tests/extended_tests/ill-typed/bad-cmp-1.stella"
Directory: /home/egor/InnoSubjects/S23/ACCPA/Assignments/Latest/build
"bad-cmp-1" start time: Apr 20 22:40 MSK
Output:
----------------------------------------------------------
parsing succeeded!
prog is not null
Error: different types in the if condition: 
n
m
On the line: 4
<end of output>
Test time =   0.00 sec
----------------------------------------------------------
Test Passed.
"bad-cmp-1" end time: Apr 20 22:40 MSK
"bad-cmp-1" time elapsed: 00:00:00
----------------------------------------------------------

54/140 Testing: argument-type-mismatch-3_extended_tests
54/140 Test: argument-type-mismatch-3_extended_tests
Command: "/home/egor/InnoSubjects/S23/ACCPA/Assignments/Latest/build/stella-interpreter" "typecheck" "../tests/extended_tests/ill-typed/argument-type-mismatch-3.stella"
Directory: /home/egor/InnoSubjects/S23/ACCPA/Assignments/Latest/build
"argument-type-mismatch-3_extended_tests" start time: Apr 20 22:40 MSK
Output:
----------------------------------------------------------
parsing succeeded!
prog is not null
Error: incorrect parameters in the function call
Function name: k
Expected: (TypeFun [TypeNat] [(TypeFun [(TypeFun [TypeNat] [TypeBool])] [TypeNat])])
<end of output>
Test time =   0.00 sec
----------------------------------------------------------
Test Passed.
"argument-type-mismatch-3_extended_tests" end time: Apr 20 22:40 MSK
"argument-type-mismatch-3_extended_tests" time elapsed: 00:00:00
----------------------------------------------------------

55/140 Testing: my-factorial
55/140 Test: my-factorial
Command: "/home/egor/InnoSubjects/S23/ACCPA/Assignments/Latest/build/stella-interpreter" "typecheck" "../tests/extended_tests/ill-typed/my-factorial.stella"
Directory: /home/egor/InnoSubjects/S23/ACCPA/Assignments/Latest/build
"my-factorial" start time: Apr 20 22:40 MSK
Output:
----------------------------------------------------------
parsing succeeded!
prog is not null
Error: trying to use non-function in the function call:
Name: factorial (n)
Actual struct: TypeNat
On the line: 32
<end of output>
Test time =   0.00 sec
----------------------------------------------------------
Test Passed.
"my-factorial" end time: Apr 20 22:40 MSK
"my-factorial" time elapsed: 00:00:00
----------------------------------------------------------

56/140 Testing: bad-factorial
56/140 Test: bad-factorial
Command: "/home/egor/InnoSubjects/S23/ACCPA/Assignments/Latest/build/stella-interpreter" "typecheck" "../tests/extended_tests/ill-typed/bad-factorial.stella"
Directory: /home/egor/InnoSubjects/S23/ACCPA/Assignments/Latest/build
"bad-factorial" start time: Apr 20 22:40 MSK
Output:
----------------------------------------------------------
parsing succeeded!
prog is not null
Error: incorrect return expression type in function "Nat2Nat::const"
Expected: (TypeFun [TypeNat] [(TypeFun [TypeNat] [TypeBool])])
But got: (TypeFun [TypeNat] [(TypeFun [TypeNat] [TypeNat])])
On the line: 5
<end of output>
Test time =   0.00 sec
----------------------------------------------------------
Test Passed.
"bad-factorial" end time: Apr 20 22:40 MSK
"bad-factorial" time elapsed: 00:00:00
----------------------------------------------------------

57/140 Testing: applying-non-function-2_extended_tests
57/140 Test: applying-non-function-2_extended_tests
Command: "/home/egor/InnoSubjects/S23/ACCPA/Assignments/Latest/build/stella-interpreter" "typecheck" "../tests/extended_tests/ill-typed/applying-non-function-2.stella"
Directory: /home/egor/InnoSubjects/S23/ACCPA/Assignments/Latest/build
"applying-non-function-2_extended_tests" start time: Apr 20 22:40 MSK
Output:
----------------------------------------------------------
parsing succeeded!
prog is not null
Error: trying to use non-function in the function call:
Name: succ (n)
Actual struct: TypeNat
On the line: 4
<end of output>
Test time =   0.00 sec
----------------------------------------------------------
Test Passed.
"applying-non-function-2_extended_tests" end time: Apr 20 22:40 MSK
"applying-non-function-2_extended_tests" time elapsed: 00:00:00
----------------------------------------------------------

58/140 Testing: argument-type-mismatch-1_extended_tests
58/140 Test: argument-type-mismatch-1_extended_tests
Command: "/home/egor/InnoSubjects/S23/ACCPA/Assignments/Latest/build/stella-interpreter" "typecheck" "../tests/extended_tests/ill-typed/argument-type-mismatch-1.stella"
Directory: /home/egor/InnoSubjects/S23/ACCPA/Assignments/Latest/build
"argument-type-mismatch-1_extended_tests" start time: Apr 20 22:40 MSK
Output:
----------------------------------------------------------
parsing succeeded!
prog is not null
Error: incorrect parameters in the function call
Function name: fn (x : Bool)
{
  return fn (y : Nat)
  {
    return succ (y)
  }
}
Expected: TypeBool
<end of output>
Test time =   0.00 sec
----------------------------------------------------------
Test Passed.
"argument-type-mismatch-1_extended_tests" end time: Apr 20 22:40 MSK
"argument-type-mismatch-1_extended_tests" time elapsed: 00:00:00
----------------------------------------------------------

59/140 Testing: bad-cmp-3
59/140 Test: bad-cmp-3
Command: "/home/egor/InnoSubjects/S23/ACCPA/Assignments/Latest/build/stella-interpreter" "typecheck" "../tests/extended_tests/ill-typed/bad-cmp-3.stella"
Directory: /home/egor/InnoSubjects/S23/ACCPA/Assignments/Latest/build
"bad-cmp-3" start time: Apr 20 22:40 MSK
Output:
----------------------------------------------------------
parsing succeeded!
prog is not null
Error: different types in the if condition: 
n
m
On the line: 4
<end of output>
Test time =   0.00 sec
----------------------------------------------------------
Test Passed.
"bad-cmp-3" end time: Apr 20 22:40 MSK
"bad-cmp-3" time elapsed: 00:00:00
----------------------------------------------------------

60/140 Testing: bad-nat-2
60/140 Test: bad-nat-2
Command: "/home/egor/InnoSubjects/S23/ACCPA/Assignments/Latest/build/stella-interpreter" "typecheck" "../tests/extended_tests/ill-typed/bad-nat-2.stella"
Directory: /home/egor/InnoSubjects/S23/ACCPA/Assignments/Latest/build
"bad-nat-2" start time: Apr 20 22:40 MSK
Output:
----------------------------------------------------------
parsing succeeded!
prog is not null
Error: wrong type of the first argument for Nar::rec 
Name: false
Type: TypeBool
On the line: 4
<end of output>
Test time =   0.00 sec
----------------------------------------------------------
Test Passed.
"bad-nat-2" end time: Apr 20 22:40 MSK
"bad-nat-2" time elapsed: 00:00:00
----------------------------------------------------------

61/140 Testing: invalid-nat
61/140 Test: invalid-nat
Command: "/home/egor/InnoSubjects/S23/ACCPA/Assignments/Latest/build/stella-interpreter" "typecheck" "../tests/extended_tests/ill-typed/invalid-nat.stella"
Directory: /home/egor/InnoSubjects/S23/ACCPA/Assignments/Latest/build
"invalid-nat" start time: Apr 20 22:40 MSK
Output:
----------------------------------------------------------
parsing succeeded!
prog is not null
Error: different types of statements in the third arg and the second one: 
Expected: Nat::rec(Nat, T, fn(Nat) -> (fn(T) -> T))
Second parameter name: false
Second parameter type: TypeBool
Third parameter name: fn (i : Nat)
{
  return fn (r : fn (Nat) -> Nat)
  {
    return fn (x : Nat)
    {
      return 0
    }
  }
}
Third parameter **T** type: (TypeFun [TypeNat] [TypeNat])
On the line: 4
<end of output>
Test time =   0.00 sec
----------------------------------------------------------
Test Passed.
"invalid-nat" end time: Apr 20 22:40 MSK
"invalid-nat" time elapsed: 00:00:00
----------------------------------------------------------

62/140 Testing: function-mismatch
62/140 Test: function-mismatch
Command: "/home/egor/InnoSubjects/S23/ACCPA/Assignments/Latest/build/stella-interpreter" "typecheck" "../tests/extended_tests/ill-typed/function-mismatch.stella"
Directory: /home/egor/InnoSubjects/S23/ACCPA/Assignments/Latest/build
"function-mismatch" start time: Apr 20 22:40 MSK
Output:
----------------------------------------------------------
parsing succeeded!
prog is not null
Error: incorrect return expression type in function "main"
Expected: TypeBool
But got: TypeNat
On the line: 9
<end of output>
Test time =   0.00 sec
----------------------------------------------------------
Test Passed.
"function-mismatch" end time: Apr 20 22:40 MSK
"function-mismatch" time elapsed: 00:00:00
----------------------------------------------------------

63/140 Testing: bad-if-4
63/140 Test: bad-if-4
Command: "/home/egor/InnoSubjects/S23/ACCPA/Assignments/Latest/build/stella-interpreter" "typecheck" "../tests/extended_tests/ill-typed/bad-if-4.stella"
Directory: /home/egor/InnoSubjects/S23/ACCPA/Assignments/Latest/build
"bad-if-4" start time: Apr 20 22:40 MSK
Output:
----------------------------------------------------------
parsing succeeded!
prog is not null
Error: different types of statements in the if statement: 
"fn (x : Bool)
{
  return 0
}" type is: (TypeFun [TypeBool] [TypeNat])
"fn (x : Bool)
{
  return true
}" type is: (TypeFun [TypeBool] [TypeBool])
On the line: 4
<end of output>
Test time =   0.00 sec
----------------------------------------------------------
Test Passed.
"bad-if-4" end time: Apr 20 22:40 MSK
"bad-if-4" time elapsed: 00:00:00
----------------------------------------------------------

64/140 Testing: bad-higher-order-1
64/140 Test: bad-higher-order-1
Command: "/home/egor/InnoSubjects/S23/ACCPA/Assignments/Latest/build/stella-interpreter" "typecheck" "../tests/extended_tests/ill-typed/bad-higher-order-1.stella"
Directory: /home/egor/InnoSubjects/S23/ACCPA/Assignments/Latest/build
"bad-higher-order-1" start time: Apr 20 22:40 MSK
Output:
----------------------------------------------------------
parsing succeeded!
prog is not null
Error: incorrect return expression type in function "f"
Expected: (TypeFun [TypeNat] [TypeBool])
But got: (TypeFun [TypeNat] [TypeNat])
On the line: 12
<end of output>
Test time =   0.00 sec
----------------------------------------------------------
Test Passed.
"bad-higher-order-1" end time: Apr 20 22:40 MSK
"bad-higher-order-1" time elapsed: 00:00:00
----------------------------------------------------------

65/140 Testing: my-ill-typed-1
65/140 Test: my-ill-typed-1
Command: "/home/egor/InnoSubjects/S23/ACCPA/Assignments/Latest/build/stella-interpreter" "typecheck" "../tests/extended_tests/ill-typed/my-ill-typed-1.stella"
Directory: /home/egor/InnoSubjects/S23/ACCPA/Assignments/Latest/build
"my-ill-typed-1" start time: Apr 20 22:40 MSK
Output:
----------------------------------------------------------
parsing succeeded!
prog is not null
Error: different types of statements in the if statement: 
"fn (p : Bool)
{
  return succ (0)
}" type is: (TypeFun [TypeBool] [TypeNat])
"fn (p : Bool)
{
  return true
}" type is: (TypeFun [TypeBool] [TypeBool])
On the line: 4
<end of output>
Test time =   0.00 sec
----------------------------------------------------------
Test Passed.
"my-ill-typed-1" end time: Apr 20 22:40 MSK
"my-ill-typed-1" time elapsed: 00:00:00
----------------------------------------------------------

66/140 Testing: undefined-variable-2_extended_tests
66/140 Test: undefined-variable-2_extended_tests
Command: "/home/egor/InnoSubjects/S23/ACCPA/Assignments/Latest/build/stella-interpreter" "typecheck" "../tests/extended_tests/ill-typed/undefined-variable-2.stella"
Directory: /home/egor/InnoSubjects/S23/ACCPA/Assignments/Latest/build
"undefined-variable-2_extended_tests" start time: Apr 20 22:40 MSK
Output:
----------------------------------------------------------
parsing succeeded!
prog is not null
Error: m is not defined
On the line: 13
<end of output>
Test time =   0.00 sec
----------------------------------------------------------
Test Passed.
"undefined-variable-2_extended_tests" end time: Apr 20 22:40 MSK
"undefined-variable-2_extended_tests" time elapsed: 00:00:00
----------------------------------------------------------

67/140 Testing: added-test-2
67/140 Test: added-test-2
Command: "/home/egor/InnoSubjects/S23/ACCPA/Assignments/Latest/build/stella-interpreter" "typecheck" "../tests/extended_tests/ill-typed/added-test-2.stella"
Directory: /home/egor/InnoSubjects/S23/ACCPA/Assignments/Latest/build
"added-test-2" start time: Apr 20 22:40 MSK
Output:
----------------------------------------------------------
parsing succeeded!
prog is not null
Error: incorrect parameters in the function call
Function name: first
Expected: TypeNat
<end of output>
Test time =   0.00 sec
----------------------------------------------------------
Test Passed.
"added-test-2" end time: Apr 20 22:40 MSK
"added-test-2" time elapsed: 00:00:00
----------------------------------------------------------

68/140 Testing: bad-squares-2_extended_tests
68/140 Test: bad-squares-2_extended_tests
Command: "/home/egor/InnoSubjects/S23/ACCPA/Assignments/Latest/build/stella-interpreter" "typecheck" "../tests/extended_tests/ill-typed/bad-squares-2.stella"
Directory: /home/egor/InnoSubjects/S23/ACCPA/Assignments/Latest/build
"bad-squares-2_extended_tests" start time: Apr 20 22:40 MSK
Output:
----------------------------------------------------------
parsing succeeded!
prog is not null
Error: different types in the third argument of the Nat::rec function: 
Expected: fn(Nat) -> (fn(**T**) -> **T**)
Name: fn (i : Nat)
{
  return fn (r : Nat)
  {
    return Nat::add (Nat::add (i) (succ (r)))
  }
}
Type: (TypeFun [TypeNat] [(TypeFun [TypeNat] [(TypeFun [TypeNat] [TypeNat])])])
On the line: 16
<end of output>
Test time =   0.00 sec
----------------------------------------------------------
Test Passed.
"bad-squares-2_extended_tests" end time: Apr 20 22:40 MSK
"bad-squares-2_extended_tests" time elapsed: 00:00:00
----------------------------------------------------------

69/140 Testing: bad-nat-rec-2
69/140 Test: bad-nat-rec-2
Command: "/home/egor/InnoSubjects/S23/ACCPA/Assignments/Latest/build/stella-interpreter" "typecheck" "../tests/extended_tests/ill-typed/bad-nat-rec-2.stella"
Directory: /home/egor/InnoSubjects/S23/ACCPA/Assignments/Latest/build
"bad-nat-rec-2" start time: Apr 20 22:40 MSK
Output:
----------------------------------------------------------
parsing succeeded!
prog is not null
Error: wrong type of the third argument for Nar::rec 
Expected: fn(Nat) -> **(fn(T) -> T)**
Name: Nat::applyToZero (fn (i : Nat)
{
  return fn (r : Nat)
  {
    return succ (r)
  }
})
Type: (TypeFun [TypeNat] [TypeNat])
On the line: 12
<end of output>
Test time =   0.00 sec
----------------------------------------------------------
Test Passed.
"bad-nat-rec-2" end time: Apr 20 22:40 MSK
"bad-nat-rec-2" time elapsed: 00:00:00
----------------------------------------------------------

70/140 Testing: bad-logic-or-1
70/140 Test: bad-logic-or-1
Command: "/home/egor/InnoSubjects/S23/ACCPA/Assignments/Latest/build/stella-interpreter" "typecheck" "../tests/extended_tests/ill-typed/bad-logic-or-1.stella"
Directory: /home/egor/InnoSubjects/S23/ACCPA/Assignments/Latest/build
"bad-logic-or-1" start time: Apr 20 22:40 MSK
Output:
----------------------------------------------------------
parsing succeeded!
prog is not null
Error: incorrect return expression type in function "or_fn"
Expected: TypeBool
But got: TypeNat
On the line: 4
<end of output>
Test time =   0.00 sec
----------------------------------------------------------
Test Passed.
"bad-logic-or-1" end time: Apr 20 22:40 MSK
"bad-logic-or-1" time elapsed: 00:00:00
----------------------------------------------------------

71/140 Testing: bad-return-type
71/140 Test: bad-return-type
Command: "/home/egor/InnoSubjects/S23/ACCPA/Assignments/Latest/build/stella-interpreter" "typecheck" "../tests/extended_tests/ill-typed/bad-return-type.stella"
Directory: /home/egor/InnoSubjects/S23/ACCPA/Assignments/Latest/build
"bad-return-type" start time: Apr 20 22:40 MSK
Output:
----------------------------------------------------------
parsing succeeded!
prog is not null
Error: incorrect return expression type in function "badReturn"
Expected: (TypeFun [TypeNat] [TypeNat])
But got: TypeNat
On the line: 4
<end of output>
Test time =   0.00 sec
----------------------------------------------------------
Test Passed.
"bad-return-type" end time: Apr 20 22:40 MSK
"bad-return-type" time elapsed: 00:00:00
----------------------------------------------------------

72/140 Testing: application-param-type
72/140 Test: application-param-type
Command: "/home/egor/InnoSubjects/S23/ACCPA/Assignments/Latest/build/stella-interpreter" "typecheck" "../tests/extended_tests/ill-typed/application-param-type.stella"
Directory: /home/egor/InnoSubjects/S23/ACCPA/Assignments/Latest/build
"application-param-type" start time: Apr 20 22:40 MSK
Output:
----------------------------------------------------------
parsing succeeded!
prog is not null
Error: incorrect parameters in the function call
Function name: applTypeCheck (n)
Expected: TypeNat
<end of output>
Test time =   0.00 sec
----------------------------------------------------------
Test Passed.
"application-param-type" end time: Apr 20 22:40 MSK
"application-param-type" time elapsed: 00:00:00
----------------------------------------------------------

73/140 Testing: bad-if-2_extended_tests
73/140 Test: bad-if-2_extended_tests
Command: "/home/egor/InnoSubjects/S23/ACCPA/Assignments/Latest/build/stella-interpreter" "typecheck" "../tests/extended_tests/ill-typed/bad-if-2.stella"
Directory: /home/egor/InnoSubjects/S23/ACCPA/Assignments/Latest/build
"bad-if-2_extended_tests" start time: Apr 20 22:40 MSK
Output:
----------------------------------------------------------
parsing succeeded!
prog is not null
Error: different types of statements in the if statement: 
"true" type is: TypeBool
"0" type is: TypeNat
On the line: 4
<end of output>
Test time =   0.00 sec
----------------------------------------------------------
Test Passed.
"bad-if-2_extended_tests" end time: Apr 20 22:40 MSK
"bad-if-2_extended_tests" time elapsed: 00:00:00
----------------------------------------------------------

74/140 Testing: shadowed-variable-1_extended_tests
74/140 Test: shadowed-variable-1_extended_tests
Command: "/home/egor/InnoSubjects/S23/ACCPA/Assignments/Latest/build/stella-interpreter" "typecheck" "../tests/extended_tests/ill-typed/shadowed-variable-1.stella"
Directory: /home/egor/InnoSubjects/S23/ACCPA/Assignments/Latest/build
"shadowed-variable-1_extended_tests" start time: Apr 20 22:40 MSK
Output:
----------------------------------------------------------
parsing succeeded!
prog is not null
Error: trying to use non-function in the function call:
Name: g
Actual struct: TypeNat
On the line: 13
<end of output>
Test time =   0.00 sec
----------------------------------------------------------
Test Passed.
"shadowed-variable-1_extended_tests" end time: Apr 20 22:40 MSK
"shadowed-variable-1_extended_tests" time elapsed: 00:00:00
----------------------------------------------------------

75/140 Testing: bad-cmp-5
75/140 Test: bad-cmp-5
Command: "/home/egor/InnoSubjects/S23/ACCPA/Assignments/Latest/build/stella-interpreter" "typecheck" "../tests/extended_tests/ill-typed/bad-cmp-5.stella"
Directory: /home/egor/InnoSubjects/S23/ACCPA/Assignments/Latest/build
"bad-cmp-5" start time: Apr 20 22:40 MSK
Output:
----------------------------------------------------------
parsing succeeded!
prog is not null
Error: different types in the if condition: 
n
m
On the line: 4
<end of output>
Test time =   0.00 sec
----------------------------------------------------------
Test Passed.
"bad-cmp-5" end time: Apr 20 22:40 MSK
"bad-cmp-5" time elapsed: 00:00:00
----------------------------------------------------------

76/140 Testing: bad-logic-and-1
76/140 Test: bad-logic-and-1
Command: "/home/egor/InnoSubjects/S23/ACCPA/Assignments/Latest/build/stella-interpreter" "typecheck" "../tests/extended_tests/ill-typed/bad-logic-and-1.stella"
Directory: /home/egor/InnoSubjects/S23/ACCPA/Assignments/Latest/build
"bad-logic-and-1" start time: Apr 20 22:40 MSK
Output:
----------------------------------------------------------
parsing succeeded!
prog is not null
Error: incorrect return expression type in function "and_fn"
Expected: TypeNat
But got: TypeBool
On the line: 4
<end of output>
Test time =   0.00 sec
----------------------------------------------------------
Test Passed.
"bad-logic-and-1" end time: Apr 20 22:40 MSK
"bad-logic-and-1" time elapsed: 00:00:00
----------------------------------------------------------

77/140 Testing: bad-records-1
77/140 Test: bad-records-1
Command: "/home/egor/InnoSubjects/S23/ACCPA/Assignments/Latest/build/stella-interpreter" "typecheck" "../tests/records/ill-typed/bad-records-1.stella"
Directory: /home/egor/InnoSubjects/S23/ACCPA/Assignments/Latest/build
"bad-records-1" start time: Apr 20 22:40 MSK
Output:
----------------------------------------------------------
parsing succeeded!
prog is not null
TypeRecord :
 SubType:(TypeRecord [(ARecordFieldType "a" [TypeNat]), (ARecordFieldType "b" [TypeBool]), (ARecordFieldType "c" [TypeNat])] )
 SuperType:(TypeRecord [(ARecordFieldType "a" [TypeNat]), (ARecordFieldType "b" [TypeNat]), (ARecordFieldType "c" [TypeNat])] )
0
Error: incorrect return expression type in function "rotate3"
Expected: (TypeRecord [(ARecordFieldType "a" [TypeNat]), (ARecordFieldType "b" [TypeNat]), (ARecordFieldType "c" [TypeNat])] )
But got: (TypeRecord [(ARecordFieldType "a" [TypeNat]), (ARecordFieldType "b" [TypeBool]), (ARecordFieldType "c" [TypeNat])] )
On the line: 5
<end of output>
Test time =   0.00 sec
----------------------------------------------------------
Test Passed.
"bad-records-1" end time: Apr 20 22:40 MSK
"bad-records-1" time elapsed: 00:00:00
----------------------------------------------------------

78/140 Testing: bad-refs-1
78/140 Test: bad-refs-1
Command: "/home/egor/InnoSubjects/S23/ACCPA/Assignments/Latest/build/stella-interpreter" "typecheck" "../tests/references/ill-typed/bad-refs-1.stella"
Directory: /home/egor/InnoSubjects/S23/ACCPA/Assignments/Latest/build
"bad-refs-1" start time: Apr 20 22:40 MSK
Output:
----------------------------------------------------------
parsing succeeded!
prog is not null
Error: incorrect type of succ argument: ref
<end of output>
Test time =   0.00 sec
----------------------------------------------------------
Test Passed.
"bad-refs-1" end time: Apr 20 22:40 MSK
"bad-refs-1" time elapsed: 00:00:00
----------------------------------------------------------

79/140 Testing: bad-refs-2
79/140 Test: bad-refs-2
Command: "/home/egor/InnoSubjects/S23/ACCPA/Assignments/Latest/build/stella-interpreter" "typecheck" "../tests/references/ill-typed/bad-refs-2.stella"
Directory: /home/egor/InnoSubjects/S23/ACCPA/Assignments/Latest/build
"bad-refs-2" start time: Apr 20 22:40 MSK
Output:
----------------------------------------------------------
parsing succeeded!
prog is not null
Error: incorrect dereferencing
On the line: 10
Character number: 28
<end of output>
Test time =   0.00 sec
----------------------------------------------------------
Test Passed.
"bad-refs-2" end time: Apr 20 22:40 MSK
"bad-refs-2" time elapsed: 00:00:00
----------------------------------------------------------

80/140 Testing: bad-refs-3
80/140 Test: bad-refs-3
Command: "/home/egor/InnoSubjects/S23/ACCPA/Assignments/Latest/build/stella-interpreter" "typecheck" "../tests/references/ill-typed/bad-refs-3.stella"
Directory: /home/egor/InnoSubjects/S23/ACCPA/Assignments/Latest/build
"bad-refs-3" start time: Apr 20 22:40 MSK
Output:
----------------------------------------------------------
parsing succeeded!
prog is not null
Error: incorrect parameters in the pattern var
On the line: 12
Character number8
<end of output>
Test time =   0.00 sec
----------------------------------------------------------
Test Passed.
"bad-refs-3" end time: Apr 20 22:40 MSK
"bad-refs-3" time elapsed: 00:00:00
----------------------------------------------------------

81/140 Testing: bad-subtyping-1
81/140 Test: bad-subtyping-1
Command: "/home/egor/InnoSubjects/S23/ACCPA/Assignments/Latest/build/stella-interpreter" "typecheck" "../tests/subtyping/ill-typed/bad-subtyping-1.stella"
Directory: /home/egor/InnoSubjects/S23/ACCPA/Assignments/Latest/build
"bad-subtyping-1" start time: Apr 20 22:40 MSK
Output:
----------------------------------------------------------
parsing succeeded!
prog is not null
TypeRecord :
 SubType:(TypeRecord [(ARecordFieldType "x" [TypeNat])] )
 SuperType:(TypeRecord [(ARecordFieldType "x" [TypeNat]), (ARecordFieldType "y" [TypeNat])] )
0
Error: incorrect parameters in the function call
Function name: f
Expected: (TypeRecord [(ARecordFieldType "x" [TypeNat]), (ARecordFieldType "y" [TypeNat])] )
<end of output>
Test time =   0.00 sec
----------------------------------------------------------
Test Passed.
"bad-subtyping-1" end time: Apr 20 22:40 MSK
"bad-subtyping-1" time elapsed: 00:00:00
----------------------------------------------------------

82/140 Testing: bad-subtyping-2
82/140 Test: bad-subtyping-2
Command: "/home/egor/InnoSubjects/S23/ACCPA/Assignments/Latest/build/stella-interpreter" "typecheck" "../tests/subtyping/ill-typed/bad-subtyping-2.stella"
Directory: /home/egor/InnoSubjects/S23/ACCPA/Assignments/Latest/build
"bad-subtyping-2" start time: Apr 20 22:40 MSK
Output:
----------------------------------------------------------
parsing succeeded!
prog is not null
TypeRecord :
 SubType:(TypeRecord [(ARecordFieldType "x" [TypeNat]), (ARecordFieldType "y" [TypeNat])] )
 SuperType:(TypeRecord [(ARecordFieldType "x" [TypeNat])] )
1
TypeRecord :
 SubType:(TypeRecord [(ARecordFieldType "x" [TypeNat])] )
 SuperType:(TypeRecord [(ARecordFieldType "x" [TypeNat]), (ARecordFieldType "z" [TypeNat])] )
0
Error: incorrect parameters in the function call
Function name: g
Expected: (TypeFun [(TypeRecord [(ARecordFieldType "x" [TypeNat])] )] [TypeNat])
<end of output>
Test time =   0.00 sec
----------------------------------------------------------
Test Passed.
"bad-subtyping-2" end time: Apr 20 22:40 MSK
"bad-subtyping-2" time elapsed: 00:00:00
----------------------------------------------------------

83/140 Testing: bad-subtyping-3
83/140 Test: bad-subtyping-3
Command: "/home/egor/InnoSubjects/S23/ACCPA/Assignments/Latest/build/stella-interpreter" "typecheck" "../tests/subtyping/ill-typed/bad-subtyping-3.stella"
Directory: /home/egor/InnoSubjects/S23/ACCPA/Assignments/Latest/build
"bad-subtyping-3" start time: Apr 20 22:40 MSK
Output:
----------------------------------------------------------
parsing succeeded!
prog is not null
TypeRecord :
 SubType:(TypeRecord [(ARecordFieldType "x" [TypeNat]), (ARecordFieldType "y" [TypeNat])] )
 SuperType:(TypeRecord [(ARecordFieldType "y" [TypeNat]), (ARecordFieldType "x" [TypeNat])] )
1
TypeRecord :
 SubType:(TypeRecord [(ARecordFieldType "z" [TypeNat])] )
 SuperType:(TypeRecord [(ARecordFieldType "z" [TypeNat])] )
1
TypeRecord :
 SubType:(TypeRecord [(ARecordFieldType "y" [TypeNat]), (ARecordFieldType "x" [TypeNat])] )
 SuperType:(TypeRecord [(ARecordFieldType "z" [TypeNat])] )
0
Error: incorrect parameters in the function call
Function name: h
Expected: (TypeFun [(TypeFun [(TypeRecord [(ARecordFieldType "z" [TypeNat])] )] [TypeNat])] [TypeNat])
<end of output>
Test time =   0.00 sec
----------------------------------------------------------
Test Passed.
"bad-subtyping-3" end time: Apr 20 22:40 MSK
"bad-subtyping-3" time elapsed: 00:00:00
----------------------------------------------------------

84/140 Testing: bad-subtyping-4
84/140 Test: bad-subtyping-4
Command: "/home/egor/InnoSubjects/S23/ACCPA/Assignments/Latest/build/stella-interpreter" "typecheck" "../tests/subtyping/ill-typed/bad-subtyping-4.stella"
Directory: /home/egor/InnoSubjects/S23/ACCPA/Assignments/Latest/build
"bad-subtyping-4" start time: Apr 20 22:40 MSK
Output:
----------------------------------------------------------
parsing succeeded!
prog is not null
TypeRecord :
 SubType:(TypeRecord [(ARecordFieldType "x" [TypeNat]), (ARecordFieldType "y" [TypeNat])] )
 SuperType:(TypeRecord [(ARecordFieldType "y" [TypeNat]), (ARecordFieldType "x" [TypeNat])] )
1
Error: incorrect parameters in the function call
Function name: h
Expected: (TypeFun [(TypeFun [TypeBottom] [TypeNat])] [TypeNat])
<end of output>
Test time =   0.00 sec
----------------------------------------------------------
Test Passed.
"bad-subtyping-4" end time: Apr 20 22:40 MSK
"bad-subtyping-4" time elapsed: 00:00:00
----------------------------------------------------------

85/140 Testing: bad-subtyping-5
85/140 Test: bad-subtyping-5
Command: "/home/egor/InnoSubjects/S23/ACCPA/Assignments/Latest/build/stella-interpreter" "typecheck" "../tests/subtyping/ill-typed/bad-subtyping-5.stella"
Directory: /home/egor/InnoSubjects/S23/ACCPA/Assignments/Latest/build
"bad-subtyping-5" start time: Apr 20 22:40 MSK
Output:
----------------------------------------------------------
parsing succeeded!
prog is not null
TypeRecord :
 SubType:(TypeRecord [(ARecordFieldType "x" [TypeNat]), (ARecordFieldType "y" [TypeNat])] )
 SuperType:(TypeRecord [(ARecordFieldType "y" [TypeNat]), (ARecordFieldType "x" [TypeNat])] )
1
TypeRecord :
 SubType:(TypeRecord [(ARecordFieldType "z" [TypeNat]), (ARecordFieldType "y" [TypeNat])] )
 SuperType:(TypeRecord [(ARecordFieldType "z" [TypeNat]), (ARecordFieldType "y" [TypeNat])] )
1
TypeRecord :
 SubType:(TypeRecord [(ARecordFieldType "y" [TypeNat]), (ARecordFieldType "x" [TypeNat])] )
 SuperType:(TypeRecord [(ARecordFieldType "z" [TypeNat]), (ARecordFieldType "y" [TypeNat])] )
0
Error: incorrect parameters in the function call
Function name: h
Expected: (TypeFun [(TypeFun [(TypeRecord [(ARecordFieldType "z" [TypeNat]), (ARecordFieldType "y" [TypeNat])] )] [TypeNat])] [TypeNat])
<end of output>
Test time =   0.00 sec
----------------------------------------------------------
Test Passed.
"bad-subtyping-5" end time: Apr 20 22:40 MSK
"bad-subtyping-5" time elapsed: 00:00:00
----------------------------------------------------------

86/140 Testing: bad-panic-1
86/140 Test: bad-panic-1
Command: "/home/egor/InnoSubjects/S23/ACCPA/Assignments/Latest/build/stella-interpreter" "typecheck" "../tests/exceptions/ill-typed/bad-panic-1.stella"
Directory: /home/egor/InnoSubjects/S23/ACCPA/Assignments/Latest/build
"bad-panic-1" start time: Apr 20 22:40 MSK
Output:
----------------------------------------------------------
parsing succeeded!
prog is not null
Error: trying to use non-function in the function call:
Name: panic!
Actual struct: TypeBottom
On the line: 7
<end of output>
Test time =   0.00 sec
----------------------------------------------------------
Test Passed.
"bad-panic-1" end time: Apr 20 22:40 MSK
"bad-panic-1" time elapsed: 00:00:00
----------------------------------------------------------

87/140 Testing: factorial
87/140 Test: factorial
Command: "/home/egor/InnoSubjects/S23/ACCPA/Assignments/Latest/build/stella-interpreter" "typecheck" "../tests/core/well-typed/factorial.stella"
Directory: /home/egor/InnoSubjects/S23/ACCPA/Assignments/Latest/build
"factorial" start time: Apr 20 22:40 MSK
Output:
----------------------------------------------------------
parsing succeeded!
prog is not null
<end of output>
Test time =   0.00 sec
----------------------------------------------------------
Test Passed.
"factorial" end time: Apr 20 22:40 MSK
"factorial" time elapsed: 00:00:00
----------------------------------------------------------

88/140 Testing: increment_twice
88/140 Test: increment_twice
Command: "/home/egor/InnoSubjects/S23/ACCPA/Assignments/Latest/build/stella-interpreter" "typecheck" "../tests/core/well-typed/increment_twice.stella"
Directory: /home/egor/InnoSubjects/S23/ACCPA/Assignments/Latest/build
"increment_twice" start time: Apr 20 22:40 MSK
Output:
----------------------------------------------------------
parsing succeeded!
prog is not null
<end of output>
Test time =   0.00 sec
----------------------------------------------------------
Test Passed.
"increment_twice" end time: Apr 20 22:40 MSK
"increment_twice" time elapsed: 00:00:00
----------------------------------------------------------

89/140 Testing: higher-order-1
89/140 Test: higher-order-1
Command: "/home/egor/InnoSubjects/S23/ACCPA/Assignments/Latest/build/stella-interpreter" "typecheck" "../tests/core/well-typed/higher-order-1.stella"
Directory: /home/egor/InnoSubjects/S23/ACCPA/Assignments/Latest/build
"higher-order-1" start time: Apr 20 22:40 MSK
Output:
----------------------------------------------------------
parsing succeeded!
prog is not null
<end of output>
Test time =   0.00 sec
----------------------------------------------------------
Test Passed.
"higher-order-1" end time: Apr 20 22:40 MSK
"higher-order-1" time elapsed: 00:00:00
----------------------------------------------------------

90/140 Testing: logical-operators
90/140 Test: logical-operators
Command: "/home/egor/InnoSubjects/S23/ACCPA/Assignments/Latest/build/stella-interpreter" "typecheck" "../tests/core/well-typed/logical-operators.stella"
Directory: /home/egor/InnoSubjects/S23/ACCPA/Assignments/Latest/build
"logical-operators" start time: Apr 20 22:40 MSK
Output:
----------------------------------------------------------
parsing succeeded!
prog is not null
<end of output>
Test time =   0.00 sec
----------------------------------------------------------
Test Passed.
"logical-operators" end time: Apr 20 22:40 MSK
"logical-operators" time elapsed: 00:00:00
----------------------------------------------------------

91/140 Testing: squares
91/140 Test: squares
Command: "/home/egor/InnoSubjects/S23/ACCPA/Assignments/Latest/build/stella-interpreter" "typecheck" "../tests/core/well-typed/squares.stella"
Directory: /home/egor/InnoSubjects/S23/ACCPA/Assignments/Latest/build
"squares" start time: Apr 20 22:40 MSK
Output:
----------------------------------------------------------
parsing succeeded!
prog is not null
<end of output>
Test time =   0.00 sec
----------------------------------------------------------
Test Passed.
"squares" end time: Apr 20 22:40 MSK
"squares" time elapsed: 00:00:00
----------------------------------------------------------

92/140 Testing: pairs-1
92/140 Test: pairs-1
Command: "/home/egor/InnoSubjects/S23/ACCPA/Assignments/Latest/build/stella-interpreter" "typecheck" "../tests/pairs/well-typed/pairs-1.stella"
Directory: /home/egor/InnoSubjects/S23/ACCPA/Assignments/Latest/build
"pairs-1" start time: Apr 20 22:40 MSK
Output:
----------------------------------------------------------
parsing succeeded!
prog is not null
<end of output>
Test time =   0.00 sec
----------------------------------------------------------
Test Passed.
"pairs-1" end time: Apr 20 22:40 MSK
"pairs-1" time elapsed: 00:00:00
----------------------------------------------------------

93/140 Testing: sum-types-1
93/140 Test: sum-types-1
Command: "/home/egor/InnoSubjects/S23/ACCPA/Assignments/Latest/build/stella-interpreter" "typecheck" "../tests/sum-types/well-typed/sum-types-1.stella"
Directory: /home/egor/InnoSubjects/S23/ACCPA/Assignments/Latest/build
"sum-types-1" start time: Apr 20 22:40 MSK
Output:
----------------------------------------------------------
parsing succeeded!
prog is not null
<end of output>
Test time =   0.00 sec
----------------------------------------------------------
Test Passed.
"sum-types-1" end time: Apr 20 22:40 MSK
"sum-types-1" time elapsed: 00:00:00
----------------------------------------------------------

94/140 Testing: sum-types-2
94/140 Test: sum-types-2
Command: "/home/egor/InnoSubjects/S23/ACCPA/Assignments/Latest/build/stella-interpreter" "typecheck" "../tests/sum-types/well-typed/sum-types-2.stella"
Directory: /home/egor/InnoSubjects/S23/ACCPA/Assignments/Latest/build
"sum-types-2" start time: Apr 20 22:40 MSK
Output:
----------------------------------------------------------
parsing succeeded!
prog is not null
<end of output>
Test time =   0.00 sec
----------------------------------------------------------
Test Passed.
"sum-types-2" end time: Apr 20 22:40 MSK
"sum-types-2" time elapsed: 00:00:00
----------------------------------------------------------

95/140 Testing: tuples-1
95/140 Test: tuples-1
Command: "/home/egor/InnoSubjects/S23/ACCPA/Assignments/Latest/build/stella-interpreter" "typecheck" "../tests/tuples/well-typed/tuples-1.stella"
Directory: /home/egor/InnoSubjects/S23/ACCPA/Assignments/Latest/build
"tuples-1" start time: Apr 20 22:40 MSK
Output:
----------------------------------------------------------
parsing succeeded!
[...]

116/140 Testing: my-well-typed-1
116/140 Test: my-well-typed-1
Command: "/home/egor/InnoSubjects/S23/ACCPA/Assignments/Latest/build/stella-interpreter" "typecheck" "../tests/extended_tests/well-typed/my-well-typed-1.stella"
Directory: /home/egor/InnoSubjects/S23/ACCPA/Assignments/Latest/build
"my-well-typed-1" start time: Apr 20 22:40 MSK
Output:
----------------------------------------------------------
parsing succeeded!
prog is not null
<end of output>
Test time =   0.00 sec
----------------------------------------------------------
Test Passed.
"my-well-typed-1" end time: Apr 20 22:40 MSK
"my-well-typed-1" time elapsed: 00:00:00
----------------------------------------------------------

117/140 Testing: squares_extended_tests
117/140 Test: squares_extended_tests
Command: "/home/egor/InnoSubjects/S23/ACCPA/Assignments/Latest/build/stella-interpreter" "typecheck" "../tests/extended_tests/well-typed/squares.stella"
Directory: /home/egor/InnoSubjects/S23/ACCPA/Assignments/Latest/build
"squares_extended_tests" start time: Apr 20 22:40 MSK
Output:
----------------------------------------------------------
parsing succeeded!
prog is not null
<end of output>
Test time =   0.00 sec
----------------------------------------------------------
Test Passed.
"squares_extended_tests" end time: Apr 20 22:40 MSK
"squares_extended_tests" time elapsed: 00:00:00
----------------------------------------------------------

118/140 Testing: my-test-2
118/140 Test: my-test-2
Command: "/home/egor/InnoSubjects/S23/ACCPA/Assignments/Latest/build/stella-interpreter" "typecheck" "../tests/extended_tests/well-typed/my-test-2.stella"
Directory: /home/egor/InnoSubjects/S23/ACCPA/Assignments/Latest/build
"my-test-2" start time: Apr 20 22:40 MSK
Output:
----------------------------------------------------------
parsing succeeded!
prog is not null
<end of output>
Test time =   0.00 sec
----------------------------------------------------------
Test Passed.
"my-test-2" end time: Apr 20 22:40 MSK
"my-test-2" time elapsed: 00:00:00
----------------------------------------------------------

119/140 Testing: nat-to-bool
119/140 Test: nat-to-bool
Command: "/home/egor/InnoSubjects/S23/ACCPA/Assignments/Latest/build/stella-interpreter" "typecheck" "../tests/extended_tests/well-typed/nat-to-bool.stella"
Directory: /home/egor/InnoSubjects/S23/ACCPA/Assignments/Latest/build
"nat-to-bool" start time: Apr 20 22:40 MSK
Output:
----------------------------------------------------------
parsing succeeded!
prog is not null
<end of output>
Test time =   0.00 sec
----------------------------------------------------------
Test Passed.
"nat-to-bool" end time: Apr 20 22:40 MSK
"nat-to-bool" time elapsed: 00:00:00
----------------------------------------------------------

120/140 Testing: double-application
120/140 Test: double-application
Command: "/home/egor/InnoSubjects/S23/ACCPA/Assignments/Latest/build/stella-interpreter" "typecheck" "../tests/extended_tests/well-typed/double-application.stella"
Directory: /home/egor/InnoSubjects/S23/ACCPA/Assignments/Latest/build
"double-application" start time: Apr 20 22:40 MSK
Output:
----------------------------------------------------------
parsing succeeded!
prog is not null
<end of output>
Test time =   0.00 sec
----------------------------------------------------------
Test Passed.
"double-application" end time: Apr 20 22:40 MSK
"double-application" time elapsed: 00:00:00
----------------------------------------------------------

121/140 Testing: added-test-2_extended_tests
121/140 Test: added-test-2_extended_tests
Command: "/home/egor/InnoSubjects/S23/ACCPA/Assignments/Latest/build/stella-interpreter" "typecheck" "../tests/extended_tests/well-typed/added-test-2.stella"
Directory: /home/egor/InnoSubjects/S23/ACCPA/Assignments/Latest/build
"added-test-2_extended_tests" start time: Apr 20 22:40 MSK
Output:
----------------------------------------------------------
parsing succeeded!
prog is not null
<end of output>
Test time =   0.00 sec
----------------------------------------------------------
Test Passed.
"added-test-2_extended_tests" end time: Apr 20 22:40 MSK
"added-test-2_extended_tests" time elapsed: 00:00:00
----------------------------------------------------------

122/140 Testing: bool-to-nat
122/140 Test: bool-to-nat
Command: "/home/egor/InnoSubjects/S23/ACCPA/Assignments/Latest/build/stella-interpreter" "typecheck" "../tests/extended_tests/well-typed/bool-to-nat.stella"
Directory: /home/egor/InnoSubjects/S23/ACCPA/Assignments/Latest/build
"bool-to-nat" start time: Apr 20 22:40 MSK
Output:
----------------------------------------------------------
parsing succeeded!
prog is not null
<end of output>
Test time =   0.00 sec
----------------------------------------------------------
Test Passed.
"bool-to-nat" end time: Apr 20 22:40 MSK
"bool-to-nat" time elapsed: 00:00:00
----------------------------------------------------------

123/140 Testing: good-succ-1
123/140 Test: good-succ-1
Command: "/home/egor/InnoSubjects/S23/ACCPA/Assignments/Latest/build/stella-interpreter" "typecheck" "../tests/extended_tests/well-typed/good-succ-1.stella"
Directory: /home/egor/InnoSubjects/S23/ACCPA/Assignments/Latest/build
"good-succ-1" start time: Apr 20 22:40 MSK
Output:
----------------------------------------------------------
parsing succeeded!
prog is not null
<end of output>
Test time =   0.00 sec
----------------------------------------------------------
Test Passed.
"good-succ-1" end time: Apr 20 22:40 MSK
"good-succ-1" time elapsed: 00:00:00
----------------------------------------------------------

124/140 Testing: higher-order-1_extended_tests
124/140 Test: higher-order-1_extended_tests
Command: "/home/egor/InnoSubjects/S23/ACCPA/Assignments/Latest/build/stella-interpreter" "typecheck" "../tests/extended_tests/well-typed/higher-order-1.stella"
Directory: /home/egor/InnoSubjects/S23/ACCPA/Assignments/Latest/build
"higher-order-1_extended_tests" start time: Apr 20 22:40 MSK
Output:
----------------------------------------------------------
parsing succeeded!
prog is not null
<end of output>
Test time =   0.00 sec
----------------------------------------------------------
Test Passed.
"higher-order-1_extended_tests" end time: Apr 20 22:40 MSK
"higher-order-1_extended_tests" time elapsed: 00:00:00
----------------------------------------------------------

125/140 Testing: records-1
125/140 Test: records-1
Command: "/home/egor/InnoSubjects/S23/ACCPA/Assignments/Latest/build/stella-interpreter" "typecheck" "../tests/records/well-typed/records-1.stella"
Directory: /home/egor/InnoSubjects/S23/ACCPA/Assignments/Latest/build
"records-1" start time: Apr 20 22:40 MSK
Output:
----------------------------------------------------------
parsing succeeded!
prog is not null
TypeRecord :
 SubType:(TypeRecord [(ARecordFieldType "a" [TypeNat]), (ARecordFieldType "b" [TypeNat]), (ARecordFieldType "c" [TypeNat])] )
 SuperType:(TypeRecord [(ARecordFieldType "a" [TypeNat]), (ARecordFieldType "b" [TypeNat]), (ARecordFieldType "c" [TypeNat])] )
1
TypeRecord :
 SubType:(TypeRecord [(ARecordFieldType "x" [TypeNat]), (ARecordFieldType "y" [TypeNat]), (ARecordFieldType "z" [TypeNat])] )
 SuperType:(TypeRecord [(ARecordFieldType "x" [TypeNat]), (ARecordFieldType "y" [TypeNat]), (ARecordFieldType "z" [TypeNat])] )
1
TypeRecord :
 SubType:(TypeRecord [(ARecordFieldType "a" [TypeNat]), (ARecordFieldType "b" [TypeNat]), (ARecordFieldType "c" [TypeNat])] )
 SuperType:(TypeRecord [(ARecordFieldType "a" [TypeNat]), (ARecordFieldType "b" [TypeNat]), (ARecordFieldType "c" [TypeNat])] )
1
<end of output>
Test time =   0.00 sec
----------------------------------------------------------
Test Passed.
"records-1" end time: Apr 20 22:40 MSK
"records-1" time elapsed: 00:00:00
----------------------------------------------------------

126/140 Testing: refs-1
126/140 Test: refs-1
Command: "/home/egor/InnoSubjects/S23/ACCPA/Assignments/Latest/build/stella-interpreter" "typecheck" "../tests/references/well-typed/refs-1.stella"
Directory: /home/egor/InnoSubjects/S23/ACCPA/Assignments/Latest/build
"refs-1" start time: Apr 20 22:40 MSK
Output:
----------------------------------------------------------
parsing succeeded!
prog is not null
<end of output>
Test time =   0.00 sec
----------------------------------------------------------
Test Passed.
"refs-1" end time: Apr 20 22:40 MSK
"refs-1" time elapsed: 00:00:00
----------------------------------------------------------

127/140 Testing: refs-2
127/140 Test: refs-2
Command: "/home/egor/InnoSubjects/S23/ACCPA/Assignments/Latest/build/stella-interpreter" "typecheck" "../tests/references/well-typed/refs-2.stella"
Directory: /home/egor/InnoSubjects/S23/ACCPA/Assignments/Latest/build
"refs-2" start time: Apr 20 22:40 MSK
Output:
----------------------------------------------------------
parsing succeeded!
prog is not null
<end of output>
Test time =   0.00 sec
----------------------------------------------------------
Test Passed.
"refs-2" end time: Apr 20 22:40 MSK
"refs-2" time elapsed: 00:00:00
----------------------------------------------------------

128/140 Testing: refs-3
128/140 Test: refs-3
Command: "/home/egor/InnoSubjects/S23/ACCPA/Assignments/Latest/build/stella-interpreter" "typecheck" "../tests/references/well-typed/refs-3.stella"
Directory: /home/egor/InnoSubjects/S23/ACCPA/Assignments/Latest/build
"refs-3" start time: Apr 20 22:40 MSK
Output:
----------------------------------------------------------
parsing succeeded!
prog is not null
Error: incorrect parameters in the pattern var
On the line: 12
Character number8
<end of output>
Test time =   0.00 sec
----------------------------------------------------------
Test Failed.
"refs-3" end time: Apr 20 22:40 MSK
"refs-3" time elapsed: 00:00:00
----------------------------------------------------------

129/140 Testing: refs-4
129/140 Test: refs-4
Command: "/home/egor/InnoSubjects/S23/ACCPA/Assignments/Latest/build/stella-interpreter" "typecheck" "../tests/references/well-typed/refs-4.stella"
Directory: /home/egor/InnoSubjects/S23/ACCPA/Assignments/Latest/build
"refs-4" start time: Apr 20 22:40 MSK
Output:
----------------------------------------------------------
parsing succeeded!
prog is not null
<end of output>
Test time =   0.00 sec
----------------------------------------------------------
Test Passed.
"refs-4" end time: Apr 20 22:40 MSK
"refs-4" time elapsed: 00:00:00
----------------------------------------------------------

130/140 Testing: subtyping-1
130/140 Test: subtyping-1
Command: "/home/egor/InnoSubjects/S23/ACCPA/Assignments/Latest/build/stella-interpreter" "typecheck" "../tests/subtyping/well-typed/subtyping-1.stella"
Directory: /home/egor/InnoSubjects/S23/ACCPA/Assignments/Latest/build
"subtyping-1" start time: Apr 20 22:40 MSK
Output:
----------------------------------------------------------
parsing succeeded!
prog is not null
TypeRecord :
 SubType:(TypeRecord [(ARecordFieldType "z" [TypeNat]), (ARecordFieldType "x" [TypeNat]), (ARecordFieldType "y" [TypeNat])] )
 SuperType:(TypeRecord [(ARecordFieldType "x" [TypeNat])] )
1
<end of output>
Test time =   0.00 sec
----------------------------------------------------------
Test Passed.
"subtyping-1" end time: Apr 20 22:40 MSK
"subtyping-1" time elapsed: 00:00:00
----------------------------------------------------------

131/140 Testing: subtyping-2
131/140 Test: subtyping-2
Command: "/home/egor/InnoSubjects/S23/ACCPA/Assignments/Latest/build/stella-interpreter" "typecheck" "../tests/subtyping/well-typed/subtyping-2.stella"
Directory: /home/egor/InnoSubjects/S23/ACCPA/Assignments/Latest/build
"subtyping-2" start time: Apr 20 22:40 MSK
Output:
----------------------------------------------------------
parsing succeeded!
prog is not null
TypeRecord :
 SubType:(TypeRecord [(ARecordFieldType "x" [TypeNat]), (ARecordFieldType "y" [TypeNat])] )
 SuperType:(TypeRecord [(ARecordFieldType "x" [TypeNat])] )
1
<end of output>
Test time =   0.00 sec
----------------------------------------------------------
Test Passed.
"subtyping-2" end time: Apr 20 22:40 MSK
"subtyping-2" time elapsed: 00:00:00
----------------------------------------------------------

132/140 Testing: subtyping-3
132/140 Test: subtyping-3
Command: "/home/egor/InnoSubjects/S23/ACCPA/Assignments/Latest/build/stella-interpreter" "typecheck" "../tests/subtyping/well-typed/subtyping-3.stella"
Directory: /home/egor/InnoSubjects/S23/ACCPA/Assignments/Latest/build
"subtyping-3" start time: Apr 20 22:40 MSK
Output:
----------------------------------------------------------
parsing succeeded!
prog is not null
TypeRecord :
 SubType:(TypeRecord [(ARecordFieldType "x" [TypeNat]), (ARecordFieldType "y" [TypeNat])] )
 SuperType:(TypeRecord [(ARecordFieldType "x" [TypeNat]), (ARecordFieldType "y" [TypeNat])] )
1
<end of output>
Test time =   0.00 sec
----------------------------------------------------------
Test Passed.
"subtyping-3" end time: Apr 20 22:40 MSK
"subtyping-3" time elapsed: 00:00:00
----------------------------------------------------------

133/140 Testing: subtyping-4
133/140 Test: subtyping-4
Command: "/home/egor/InnoSubjects/S23/ACCPA/Assignments/Latest/build/stella-interpreter" "typecheck" "../tests/subtyping/well-typed/subtyping-4.stella"
Directory: /home/egor/InnoSubjects/S23/ACCPA/Assignments/Latest/build
"subtyping-4" start time: Apr 20 22:40 MSK
Output:
----------------------------------------------------------
parsing succeeded!
prog is not null
TypeRecord :
 SubType:(TypeRecord [(ARecordFieldType "x" [TypeNat]), (ARecordFieldType "y" [TypeNat])] )
 SuperType:(TypeRecord [(ARecordFieldType "y" [TypeNat]), (ARecordFieldType "x" [TypeNat])] )
1
<end of output>
Test time =   0.00 sec
----------------------------------------------------------
Test Passed.
"subtyping-4" end time: Apr 20 22:40 MSK
"subtyping-4" time elapsed: 00:00:00
----------------------------------------------------------

134/140 Testing: subtyping-5
134/140 Test: subtyping-5
Command: "/home/egor/InnoSubjects/S23/ACCPA/Assignments/Latest/build/stella-interpreter" "typecheck" "../tests/subtyping/well-typed/subtyping-5.stella"
Directory: /home/egor/InnoSubjects/S23/ACCPA/Assignments/Latest/build
"subtyping-5" start time: Apr 20 22:40 MSK
Output:
----------------------------------------------------------
parsing succeeded!
prog is not null
TypeRecord :
 SubType:(TypeRecord [(ARecordFieldType "x" [TypeNat]), (ARecordFieldType "y" [TypeNat])] )
 SuperType:(TypeRecord [(ARecordFieldType "y" [TypeNat]), (ARecordFieldType "x" [TypeNat])] )
1
TypeRecord :
 SubType:(TypeRecord [(ARecordFieldType "y" [TypeNat]), (ARecordFieldType "x" [TypeNat])] )
 SuperType:(TypeRecord [(ARecordFieldType "x" [TypeNat])] )
1
<end of output>
Test time =   0.00 sec
----------------------------------------------------------
Test Passed.
"subtyping-5" end time: Apr 20 22:40 MSK
"subtyping-5" time elapsed: 00:00:00
----------------------------------------------------------

135/140 Testing: subtyping-6
135/140 Test: subtyping-6
Command: "/home/egor/InnoSubjects/S23/ACCPA/Assignments/Latest/build/stella-interpreter" "typecheck" "../tests/subtyping/well-typed/subtyping-6.stella"
Directory: /home/egor/InnoSubjects/S23/ACCPA/Assignments/Latest/build
"subtyping-6" start time: Apr 20 22:40 MSK
Output:
----------------------------------------------------------
parsing succeeded!
prog is not null
TypeRecord :
 SubType:(TypeRecord [(ARecordFieldType "x" [TypeNat]), (ARecordFieldType "y" [TypeNat])] )
 SuperType:(TypeRecord [(ARecordFieldType "y" [TypeNat]), (ARecordFieldType "x" [TypeNat])] )
1
TypeRecord :
 SubType:(TypeRecord [(ARecordFieldType "y" [TypeNat])] )
 SuperType:(TypeRecord [(ARecordFieldType "y" [TypeNat])] )
1
TypeRecord :
 SubType:(TypeRecord [(ARecordFieldType "y" [TypeNat]), (ARecordFieldType "x" [TypeNat])] )
 SuperType:(TypeRecord [(ARecordFieldType "y" [TypeNat])] )
1
<end of output>
Test time =   0.00 sec
----------------------------------------------------------
Test Passed.
"subtyping-6" end time: Apr 20 22:40 MSK
"subtyping-6" time elapsed: 00:00:00
----------------------------------------------------------

136/140 Testing: subtyping-7
136/140 Test: subtyping-7
Command: "/home/egor/InnoSubjects/S23/ACCPA/Assignments/Latest/build/stella-interpreter" "typecheck" "../tests/subtyping/well-typed/subtyping-7.stella"
Directory: /home/egor/InnoSubjects/S23/ACCPA/Assignments/Latest/build
"subtyping-7" start time: Apr 20 22:40 MSK
Output:
----------------------------------------------------------
parsing succeeded!
prog is not null
TypeRecord :
 SubType:(TypeRecord [(ARecordFieldType "x" [TypeNat]), (ARecordFieldType "y" [TypeNat])] )
 SuperType:(TypeRecord [(ARecordFieldType "y" [TypeNat]), (ARecordFieldType "x" [TypeNat])] )
1
<end of output>
Test time =   0.00 sec
----------------------------------------------------------
Test Passed.
"subtyping-7" end time: Apr 20 22:40 MSK
"subtyping-7" time elapsed: 00:00:00
----------------------------------------------------------

137/140 Testing: subtyping-8
137/140 Test: subtyping-8
Command: "/home/egor/InnoSubjects/S23/ACCPA/Assignments/Latest/build/stella-interpreter" "typecheck" "../tests/subtyping/well-typed/subtyping-8.stella"
Directory: /home/egor/InnoSubjects/S23/ACCPA/Assignments/Latest/build
"subtyping-8" start time: Apr 20 22:40 MSK
Output:
----------------------------------------------------------
parsing succeeded!
prog is not null
TypeRecord :
 SubType:(TypeRecord [(ARecordFieldType "x" [TypeNat]), (ARecordFieldType "y" [TypeNat])] )
 SuperType:(TypeRecord [(ARecordFieldType "y" [TypeNat]), (ARecordFieldType "x" [TypeNat])] )
1
<end of output>
Test time =   0.00 sec
----------------------------------------------------------
Test Passed.
"subtyping-8" end time: Apr 20 22:40 MSK
"subtyping-8" time elapsed: 00:00:00
----------------------------------------------------------

138/140 Testing: panic-1
138/140 Test: panic-1
Command: "/home/egor/InnoSubjects/S23/ACCPA/Assignments/Latest/build/stella-interpreter" "typecheck" "../tests/exceptions/well-typed/panic-1.stella"
Directory: /home/egor/InnoSubjects/S23/ACCPA/Assignments/Latest/build
"panic-1" start time: Apr 20 22:40 MSK
Output:
----------------------------------------------------------
parsing succeeded!
prog is not null
Error: incorrect parameters in the pattern var
On the line: 12
Character number8
<end of output>
Test time =   0.00 sec
----------------------------------------------------------
Test Failed.
"panic-1" end time: Apr 20 22:40 MSK
"panic-1" time elapsed: 00:00:00
----------------------------------------------------------

139/140 Testing: panic-2
139/140 Test: panic-2
Command: "/home/egor/InnoSubjects/S23/ACCPA/Assignments/Latest/build/stella-interpreter" "typecheck" "../tests/exceptions/well-typed/panic-2.stella"
Directory: /home/egor/InnoSubjects/S23/ACCPA/Assignments/Latest/build
"panic-2" start time: Apr 20 22:40 MSK
Output:
----------------------------------------------------------
parsing succeeded!
prog is not null
<end of output>
Test time =   0.00 sec
----------------------------------------------------------
Test Passed.
"panic-2" end time: Apr 20 22:40 MSK
"panic-2" time elapsed: 00:00:00
----------------------------------------------------------

140/140 Testing: panic-3
140/140 Test: panic-3
Command: "/home/egor/InnoSubjects/S23/ACCPA/Assignments/Latest/build/stella-interpreter" "typecheck" "../tests/exceptions/well-typed/panic-3.stella"
Directory: /home/egor/InnoSubjects/S23/ACCPA/Assignments/Latest/build
"panic-3" start time: Apr 20 22:40 MSK
Output:
----------------------------------------------------------
parsing succeeded!
prog is not null
<end of output>
Test time =   0.00 sec
----------------------------------------------------------
Test Passed.
"panic-3" end time: Apr 20 22:40 MSK
"panic-3" time elapsed: 00:00:00
----------------------------------------------------------

End testing: Apr 20 22:40 MSK
